#
# A fatal error has been detected by the Java Runtime Environment:
#
#  EXCEPTION_ACCESS_VIOLATION (0xc0000005) at pc=0x00007ff9f3d56730, pid=19052, tid=5784
#
# JRE version: OpenJDK Runtime Environment (17.0.1+12) (build 17.0.1+12-39)
# Java VM: OpenJDK 64-Bit Server VM (17.0.1+12-39, mixed mode, sharing, tiered, compressed oops, compressed class ptrs, g1 gc, windows-amd64)
# Problematic frame:
# C  [glass.dll+0x26730]
#
# No core dump will be written. Minidumps are not enabled by default on client versions of Windows
#
# If you would like to submit a bug report, please visit:
#   https://bugreport.java.com/bugreport/crash.jsp
#

---------------  S U M M A R Y ------------

Command Line: -javaagent:C:\Users\shapo\JetBrains\IntelliJ IDEA Community Edition 2021.2\lib\idea_rt.jar=54994:C:\Users\shapo\JetBrains\IntelliJ IDEA Community Edition 2021.2\bin -Dfile.encoding=UTF-8 --module-path=C:\Users\shapo\.m2\repository\org\controlsfx\controlsfx\11.1.0\controlsfx-11.1.0.jar;C:\Users\shapo\.m2\repository\org\kordamp\ikonli\ikonli-core\12.2.0\ikonli-core-12.2.0.jar;C:\Users\shapo\.m2\repository\org\openjfx\javafx-web\11.0.2\javafx-web-11.0.2-win.jar;C:\Users\shapo\.m2\repository\org\openjfx\javafx-graphics\11.0.2\javafx-graphics-11.0.2-win.jar;C:\Users\shapo\.m2\repository\net\synedra\validatorfx\0.1.13\validatorfx-0.1.13.jar;C:\Users\shapo\.m2\repository\eu\hansolo\tilesfx\11.48\tilesfx-11.48.jar;C:\Users\shapo\.m2\repository\com\dlsc\formsfx\formsfx-core\11.4.2\formsfx-core-11.4.2.jar;C:\Users\shapo\.m2\repository\org\openjfx\javafx-base\11.0.1\javafx-base-11.0.1-win.jar;C:\Users\shapo\Desktop\repos\diploma\target\classes;C:\Users\shapo\.m2\repository\org\openjfx\javafx-controls\11.0.2\javafx-controls-11.0.2-win.jar;C:\Users\shapo\.m2\repository\org\openjfx\javafx-fxml\11.0.2\javafx-fxml-11.0.2-win.jar;C:\Users\shapo\.m2\repository\org\openjfx\javafx-media\11.0.2\javafx-media-11.0.2-win.jar;C:\Users\shapo\.m2\repository\org\kordamp\bootstrapfx\bootstrapfx-core\0.4.0\bootstrapfx-core-0.4.0.jar;C:\Users\shapo\.m2\repository\org\kordamp\ikonli\ikonli-javafx\12.2.0\ikonli-javafx-12.2.0.jar -Djdk.module.main=com.example.diploma com.example.diploma/com.example.diploma.controllers.Main

Host: 11th Gen Intel(R) Core(TM) i5-1135G7 @ 2.40GHz, 8 cores, 15G,  Windows 10 , 64 bit Build 22621 (10.0.22621.2506)
Time: Thu Feb  8 18:53:53 2024 RTZ 2 (s 10 , 64 bit Build 22621 (10.0.22621.2506) elapsed time: 153.799811 seconds (0d 0h 2m 33s)

---------------  T H R E A D  ---------------

Current thread (0x000001c03bcd1fb0):  VMThread "VM Thread" [stack: 0x0000000a22400000,0x0000000a22500000] [id=5784]

Stack: [0x0000000a22400000,0x0000000a22500000],  sp=0x0000000a224ff330,  free space=1020k
Native frames: (J=compiled Java code, j=interpreted, Vv=VM code, C=native code)
C  [glass.dll+0x26730]


siginfo: EXCEPTION_ACCESS_VIOLATION (0xc0000005), reading address 0x0000000000000000


Register to memory mapping:

RIP=0x00007ff9f3d56730 glass.dll
RAX=0x0 is NULL
RBX=0x000001c03bce8528 is a global jni handle
RCX=0x000001c03bcd1fb0 points into unknown readable memory: 0x00007ff92d78c5c0 | c0 c5 78 2d f9 7f 00 00
RDX=0x0000000a224ff330 points into unknown readable memory: 0x0000000000000000 | 00 00 00 00 00 00 00 00
RSP=0x0000000a224ff330 points into unknown readable memory: 0x0000000000000000 | 00 00 00 00 00 00 00 00
RBP=0x000001c03cf60cf8 points into unknown readable memory: 0x00003f199b4fb6cf | cf b6 4f 9b 19 3f 00 00
RSI=0x0000000a224ff448 points into unknown readable memory: 0x0000000a224ff430 | 30 f4 4f 22 0a 00 00 00
RDI=0x000001c03cf60cd0 points into unknown readable memory: 0x3ffcc6f30023b6cf | cf b6 23 00 f3 c6 fc 3f
R8 =0x0000000000010002 is an unknown value
R9 =0x000001c03cf60cd0 points into unknown readable memory: 0x3ffcc6f30023b6cf | cf b6 23 00 f3 c6 fc 3f
R10=0x85f13e9656da4870 is an unknown value
R11=0x0000000a224ff2d0 points into unknown readable memory: 0x000001c03cf60cd0 | d0 0c f6 3c c0 01 00 00
R12=0x00007ff9f3d53be0 glass.dll
R13=0x00007ff92d932940 jvm.dll
R14=0x00003f199b4fb6cf is an unknown value
R15=0x000001c03cf60cd0 points into unknown readable memory: 0x3ffcc6f30023b6cf | cf b6 23 00 f3 c6 fc 3f


Registers:
RAX=0x0000000000000000, RBX=0x000001c03bce8528, RCX=0x000001c03bcd1fb0, RDX=0x0000000a224ff330
RSP=0x0000000a224ff330, RBP=0x000001c03cf60cf8, RSI=0x0000000a224ff448, RDI=0x000001c03cf60cd0
R8 =0x0000000000010002, R9 =0x000001c03cf60cd0, R10=0x85f13e9656da4870, R11=0x0000000a224ff2d0
R12=0x00007ff9f3d53be0, R13=0x00007ff92d932940, R14=0x00003f199b4fb6cf, R15=0x000001c03cf60cd0
RIP=0x00007ff9f3d56730, EFLAGS=0x0000000000010206

Top of Stack: (sp=0x0000000a224ff330)
0x0000000a224ff330:   0000000000000000 00007ffa1e3237eb
0x0000000a224ff340:   000001c03cf60ce0 0000000a224ff448
0x0000000a224ff350:   fffffffffffffffe 00007ff9f3d53be0
0x0000000a224ff360:   000001c03cf60cd8 00007ffa1e363a83
0x0000000a224ff370:   000001c03cf60ce0 0000000a00000000
0x0000000a224ff380:   000001c03cf60cf8 0000000a224ff448
0x0000000a224ff390:   fffffffffffffffe 0000000000000000
0x0000000a224ff3a0:   0000000000000001 00007ff9f3d30000
0x0000000a224ff3b0:   0000000a224ff438 00007ffa1e33006e
0x0000000a224ff3c0:   0000000000000000 0000000a224ff448
0x0000000a224ff3d0:   0000000a224ff720 0000000000000001
0x0000000a224ff3e0:   0000000000000001 00007ffa1e32da1d
0x0000000a224ff3f0:   0000000000000000 00007ff9f3d532d9
0x0000000a224ff400:   00007ff900000001 0000000a224ff438
0x0000000a224ff410:   fffffffffffffffe 00007ffa20af6637
0x0000000a224ff420:   0000000000000000 00007ff9f3d53a60 

Instructions: (pc=0x00007ff9f3d56730)
0x00007ff9f3d56630:   8b 4d 60 e8 d8 c9 ff ff 48 8b 55 68 48 8b 8d 08
0x00007ff9f3d56640:   01 00 00 e8 a9 be ff ff 33 d2 33 c9 e8 a9 de ff
0x00007ff9f3d56650:   ff 90 cc cc cc cc cc cc cc cc cc cc cc cc cc cc
0x00007ff9f3d56660:   48 8d 8a 80 00 00 00 e9 14 ea fe ff 48 89 54 24
0x00007ff9f3d56670:   10 55 48 83 ec 20 48 8b ea 48 8d 05 1d cb ff ff
0x00007ff9f3d56680:   48 83 c4 20 5d c3 cc 40 55 48 8b ea 48 8b 01 33
0x00007ff9f3d56690:   c9 81 38 05 00 00 c0 0f 94 c1 8b c1 5d c3 cc 40
0x00007ff9f3d566a0:   55 48 83 ec 20 48 8b ea 8a 4d 40 48 83 c4 20 5d
0x00007ff9f3d566b0:   e9 23 ce ff ff cc 40 55 48 83 ec 20 48 8b ea e8
0x00007ff9f3d566c0:   3c cc ff ff 8a 4d 38 48 83 c4 20 5d e9 07 ce ff
0x00007ff9f3d566d0:   ff cc 40 55 48 83 ec 30 48 8b ea 48 8b 01 8b 10
0x00007ff9f3d566e0:   48 89 4c 24 28 89 54 24 20 4c 8d 0d d0 d1 ff ff
0x00007ff9f3d566f0:   4c 8b 45 70 8b 55 68 48 8b 4d 60 e8 70 cb ff ff
0x00007ff9f3d56700:   90 48 83 c4 30 5d c3 cc cc cc cc cc cc cc cc cc
0x00007ff9f3d56710:   40 53 48 83 ec 30 48 c7 44 24 20 fe ff ff ff 48
0x00007ff9f3d56720:   8b 1d ea 63 01 00 48 85 db 74 16 e8 90 86 ff ff
0x00007ff9f3d56730:   4c 8b 00 48 8b d3 48 8b c8 41 ff 90 b0 00 00 00
0x00007ff9f3d56740:   90 48 83 c4 30 5b c3 cc cc cc cc cc cc cc cc cc
0x00007ff9f3d56750:   40 53 48 83 ec 20 48 8b 1d 4b 65 01 00 48 85 db
0x00007ff9f3d56760:   74 57 b8 ff ff ff ff f0 0f c1 43 10 83 f8 01 75
0x00007ff9f3d56770:   3d 48 85 db 74 38 48 8b 0b 48 85 c9 74 0d ff 15
0x00007ff9f3d56780:   24 0b 00 00 48 c7 03 00 00 00 00 48 8b 4b 08 48
0x00007ff9f3d56790:   85 c9 74 0d e8 77 c8 ff ff 48 c7 43 08 00 00 00
0x00007ff9f3d567a0:   00 ba 18 00 00 00 48 8b cb e8 62 c8 ff ff 48 c7
0x00007ff9f3d567b0:   05 ef 64 01 00 00 00 00 00 48 83 c4 20 5b c3 cc
0x00007ff9f3d567c0:   40 53 48 83 ec 20 48 8b 1d bb 64 01 00 48 85 db
0x00007ff9f3d567d0:   74 57 b8 ff ff ff ff f0 0f c1 43 10 83 f8 01 75
0x00007ff9f3d567e0:   3d 48 85 db 74 38 48 8b 0b 48 85 c9 74 0d ff 15
0x00007ff9f3d567f0:   b4 0a 00 00 48 c7 03 00 00 00 00 48 8b 4b 08 48
0x00007ff9f3d56800:   85 c9 74 0d e8 07 c8 ff ff 48 c7 43 08 00 00 00
0x00007ff9f3d56810:   00 ba 18 00 00 00 48 8b cb e8 f2 c7 ff ff 48 c7
0x00007ff9f3d56820:   05 5f 64 01 00 00 00 00 00 48 83 c4 20 5b c3 cc 


Stack slot to memory mapping:
stack at sp + 0 slots: 0x0 is NULL
stack at sp + 1 slots: 0x00007ffa1e3237eb ucrtbase.dll
stack at sp + 2 slots: 0x000001c03cf60ce0 points into unknown readable memory: 0x00003f199b4fb6cf | cf b6 4f 9b 19 3f 00 00
stack at sp + 3 slots: 0x0000000a224ff448 points into unknown readable memory: 0x0000000a224ff430 | 30 f4 4f 22 0a 00 00 00
stack at sp + 4 slots: 0xfffffffffffffffe is an unknown value
stack at sp + 5 slots: 0x00007ff9f3d53be0 glass.dll
stack at sp + 6 slots: 0x000001c03cf60cd8 points into unknown readable memory: 0x00003f199b4fb6cf | cf b6 4f 9b 19 3f 00 00
stack at sp + 7 slots: 0x00007ffa1e363a83 ucrtbase.dll

VM_Operation (0x0000000a21bff160): Exit, mode: safepoint, requested by thread 0x000001c042b99610


---------------  P R O C E S S  ---------------

Threads class SMR info:
_java_thread_list=0x000001c044c04bf0, length=21, elements={
0x000001c0172e5b00, 0x000001c03bcd85f0, 0x000001c03bcda1b0, 0x000001c03bcf07e0,
0x000001c03bcf1190, 0x000001c03bcf22e0, 0x000001c03bcf2c90, 0x000001c03bd00b00,
0x000001c03bd02150, 0x000001c03bd0bab0, 0x000001c03c8b9420, 0x000001c03cd00e60,
0x000001c03cd85c30, 0x000001c03cfd2d90, 0x000001c03d0230c0, 0x000001c03d2787a0,
0x000001c03d38d040, 0x000001c03cbfe790, 0x000001c042b99fb0, 0x000001c042b982d0,
0x000001c042b99610
}

Java Threads: ( => current thread )
  0x000001c0172e5b00 JavaThread "main" [_thread_blocked, id=27028, stack(0x0000000a21e00000,0x0000000a21f00000)]
  0x000001c03bcd85f0 JavaThread "Reference Handler" daemon [_thread_blocked, id=1804, stack(0x0000000a22500000,0x0000000a22600000)]
  0x000001c03bcda1b0 JavaThread "Finalizer" daemon [_thread_blocked, id=15744, stack(0x0000000a22600000,0x0000000a22700000)]
  0x000001c03bcf07e0 JavaThread "Signal Dispatcher" daemon [_thread_blocked, id=25484, stack(0x0000000a22700000,0x0000000a22800000)]
  0x000001c03bcf1190 JavaThread "Attach Listener" daemon [_thread_blocked, id=21688, stack(0x0000000a22800000,0x0000000a22900000)]
  0x000001c03bcf22e0 JavaThread "Service Thread" daemon [_thread_blocked, id=14528, stack(0x0000000a22900000,0x0000000a22a00000)]
  0x000001c03bcf2c90 JavaThread "Monitor Deflation Thread" daemon [_thread_blocked, id=30440, stack(0x0000000a22a00000,0x0000000a22b00000)]
  0x000001c03bd00b00 JavaThread "C2 CompilerThread0" daemon [_thread_blocked, id=27304, stack(0x0000000a22b00000,0x0000000a22c00000)]
  0x000001c03bd02150 JavaThread "C1 CompilerThread0" daemon [_thread_blocked, id=12528, stack(0x0000000a22c00000,0x0000000a22d00000)]
  0x000001c03bd0bab0 JavaThread "Sweeper thread" daemon [_thread_blocked, id=12652, stack(0x0000000a22d00000,0x0000000a22e00000)]
  0x000001c03c8b9420 JavaThread "Common-Cleaner" daemon [_thread_blocked, id=10836, stack(0x0000000a22e00000,0x0000000a22f00000)]
  0x000001c03cd00e60 JavaThread "Monitor Ctrl-Break" daemon [_thread_in_native, id=12716, stack(0x0000000a23100000,0x0000000a23200000)]
  0x000001c03cd85c30 JavaThread "Notification Thread" daemon [_thread_blocked, id=27628, stack(0x0000000a23200000,0x0000000a23300000)]
  0x000001c03cfd2d90 JavaThread "QuantumRenderer-0" daemon [_thread_blocked, id=9260, stack(0x0000000a23000000,0x0000000a23100000)]
  0x000001c03d0230c0 JavaThread "InvokeLaterDispatcher" daemon [_thread_blocked, id=19412, stack(0x0000000a22f00000,0x0000000a23000000)]
  0x000001c03d2787a0 JavaThread "JavaFX Application Thread" [_thread_in_native, id=14668, stack(0x0000000a23400000,0x0000000a23500000)]
  0x000001c03d38d040 JavaThread "Thread-1" daemon [_thread_in_native, id=26728, stack(0x0000000a23800000,0x0000000a23900000)]
  0x000001c03cbfe790 JavaThread "JavaFX-Launcher" [_thread_blocked, id=26700, stack(0x0000000a23900000,0x0000000a23a00000)]
  0x000001c042b99fb0 JavaThread "Prism Font Disposer" daemon [_thread_blocked, id=21124, stack(0x0000000a24400000,0x0000000a24500000)]
  0x000001c042b982d0 JavaThread "Cleaner-0" daemon [_thread_blocked, id=3856, stack(0x0000000a24500000,0x0000000a24600000)]
  0x000001c042b99610 JavaThread "SIGINT handler" daemon [_thread_blocked, id=8908, stack(0x0000000a21b00000,0x0000000a21c00000)]

Other Threads:
=>0x000001c03bcd1fb0 VMThread "VM Thread" [stack: 0x0000000a22400000,0x0000000a22500000] [id=5784]
  0x000001c017335730 GCTaskThread "GC Thread#0" [stack: 0x0000000a21f00000,0x0000000a22000000] [id=16164]
  0x000001c03d3fa490 GCTaskThread "GC Thread#1" [stack: 0x0000000a23a00000,0x0000000a23b00000] [id=1752]
  0x000001c03d38d510 GCTaskThread "GC Thread#2" [stack: 0x0000000a23b00000,0x0000000a23c00000] [id=27444]
  0x000001c03d369b50 GCTaskThread "GC Thread#3" [stack: 0x0000000a23c00000,0x0000000a23d00000] [id=25588]
  0x000001c03cbfec60 GCTaskThread "GC Thread#4" [stack: 0x0000000a23d00000,0x0000000a23e00000] [id=7352]
  0x000001c03d3930c0 GCTaskThread "GC Thread#5" [stack: 0x0000000a23e00000,0x0000000a23f00000] [id=9168]
  0x000001c044b58040 GCTaskThread "GC Thread#6" [stack: 0x0000000a24000000,0x0000000a24100000] [id=29064]
  0x000001c044b58850 GCTaskThread "GC Thread#7" [stack: 0x0000000a24600000,0x0000000a24700000] [id=7248]
  0x000001c0173480e0 ConcurrentGCThread "G1 Main Marker" terminated
  0x000001c017348af0 ConcurrentGCThread "G1 Conc#0" [stack: 0x0000000a22100000,0x0000000a22200000] [id=8564]
  0x000001c03bba34e0 ConcurrentGCThread "G1 Refine#0" terminated
  0x000001c04277bcf0 ConcurrentGCThread "G1 Refine#1" terminated
  0x000001c03bba3f00 ConcurrentGCThread "G1 Service" terminated

Threads with active compile tasks:
C1 CompilerThread0  
[error occurred during error reporting (printing all threads), id 0xc0000005, EXCEPTION_ACCESS_VIOLATION (0xc0000005) at pc=0x00007ff92d59cfa3]

VM state: at safepoint (shutting down)

VM Mutex/Monitor currently owned by a thread:  ([mutex/lock_event])
[0x000001c0172e2350] Threads_lock - owner thread: 0x000001c03bcd1fb0
[0x000001c0172e1ff0] Heap_lock - owner thread: 0x000001c042b99610

Heap address: 0x0000000705a00000, size: 4006 MB, Compressed Oops mode: Zero based, Oop shift amount: 3

CDS archive(s) mapped at: [0x0000000800000000-0x0000000800bc0000-0x0000000800bc0000), size 12320768, SharedBaseAddress: 0x0000000800000000, ArchiveRelocationMode: 0.
Compressed class space mapped at: 0x0000000800c00000-0x0000000840c00000, reserved size: 1073741824
Narrow klass base: 0x0000000800000000, Narrow klass shift: 0, Narrow klass range: 0x100000000

GC Precious Log:
 CPUs: 8 total, 8 available
 Memory: 16023M
 Large Page Support: Disabled
 NUMA Support: Disabled
 Compressed Oops: Enabled (Zero based)
 Heap Region Size: 2M
 Heap Min Capacity: 8M
 Heap Initial Capacity: 252M
 Heap Max Capacity: 4006M
 Pre-touch: Disabled
 Parallel Workers: 8
 Concurrent Workers: 2
 Concurrent Refinement Workers: 8
 Periodic GC: Disabled

Heap:
 garbage-first heap   total 258048K, used 16223K [0x0000000705a00000, 0x0000000800000000)
  region size 2048K, 7 young (14336K), 3 survivors (6144K)
 Metaspace       used 15856K, committed 16064K, reserved 1064960K
  class space    used 2184K, committed 2304K, reserved 1048576K

Heap Regions: E=young(eden), S=young(survivor), O=old, HS=humongous(starts), HC=humongous(continues), CS=collection set, F=free, OA=open archive, CA=closed archive, TAMS=top-at-mark-start (previous, next)
|   0|0x0000000705a00000, 0x0000000705c00000, 0x0000000705c00000|100%|HS|  |TAMS 0x0000000705a00000, 0x0000000705a00000| Complete 
|   1|0x0000000705c00000, 0x0000000705dd7c00, 0x0000000705e00000| 92%| O|  |TAMS 0x0000000705c00000, 0x0000000705c00000| Untracked 
|   2|0x0000000705e00000, 0x0000000705e00000, 0x0000000706000000|  0%| F|  |TAMS 0x0000000705e00000, 0x0000000705e00000| Untracked 
|   3|0x0000000706000000, 0x0000000706000000, 0x0000000706200000|  0%| F|  |TAMS 0x0000000706000000, 0x0000000706000000| Untracked 
|   4|0x0000000706200000, 0x0000000706200000, 0x0000000706400000|  0%| F|  |TAMS 0x0000000706200000, 0x0000000706200000| Untracked 
|   5|0x0000000706400000, 0x0000000706400000, 0x0000000706600000|  0%| F|  |TAMS 0x0000000706400000, 0x0000000706400000| Untracked 
|   6|0x0000000706600000, 0x0000000706600000, 0x0000000706800000|  0%| F|  |TAMS 0x0000000706600000, 0x0000000706600000| Untracked 
|   7|0x0000000706800000, 0x0000000706800000, 0x0000000706a00000|  0%| F|  |TAMS 0x0000000706800000, 0x0000000706800000| Untracked 
|   8|0x0000000706a00000, 0x0000000706a00000, 0x0000000706c00000|  0%| F|  |TAMS 0x0000000706a00000, 0x0000000706a00000| Untracked 
|   9|0x0000000706c00000, 0x0000000706c00000, 0x0000000706e00000|  0%| F|  |TAMS 0x0000000706c00000, 0x0000000706c00000| Untracked 
|  10|0x0000000706e00000, 0x0000000706e00000, 0x0000000707000000|  0%| F|  |TAMS 0x0000000706e00000, 0x0000000706e00000| Untracked 
|  11|0x0000000707000000, 0x0000000707000000, 0x0000000707200000|  0%| F|  |TAMS 0x0000000707000000, 0x0000000707000000| Untracked 
|  12|0x0000000707200000, 0x0000000707200000, 0x0000000707400000|  0%| F|  |TAMS 0x0000000707200000, 0x0000000707200000| Untracked 
|  13|0x0000000707400000, 0x0000000707400000, 0x0000000707600000|  0%| F|  |TAMS 0x0000000707400000, 0x0000000707400000| Untracked 
|  14|0x0000000707600000, 0x0000000707600000, 0x0000000707800000|  0%| F|  |TAMS 0x0000000707600000, 0x0000000707600000| Untracked 
|  15|0x0000000707800000, 0x0000000707800000, 0x0000000707a00000|  0%| F|  |TAMS 0x0000000707800000, 0x0000000707800000| Untracked 
|  16|0x0000000707a00000, 0x0000000707a00000, 0x0000000707c00000|  0%| F|  |TAMS 0x0000000707a00000, 0x0000000707a00000| Untracked 
|  17|0x0000000707c00000, 0x0000000707c00000, 0x0000000707e00000|  0%| F|  |TAMS 0x0000000707c00000, 0x0000000707c00000| Untracked 
|  18|0x0000000707e00000, 0x0000000707e00000, 0x0000000708000000|  0%| F|  |TAMS 0x0000000707e00000, 0x0000000707e00000| Untracked 
|  19|0x0000000708000000, 0x0000000708000000, 0x0000000708200000|  0%| F|  |TAMS 0x0000000708000000, 0x0000000708000000| Untracked 
|  20|0x0000000708200000, 0x0000000708200000, 0x0000000708400000|  0%| F|  |TAMS 0x0000000708200000, 0x0000000708200000| Untracked 
|  21|0x0000000708400000, 0x0000000708400000, 0x0000000708600000|  0%| F|  |TAMS 0x0000000708400000, 0x0000000708400000| Untracked 
|  22|0x0000000708600000, 0x0000000708600000, 0x0000000708800000|  0%| F|  |TAMS 0x0000000708600000, 0x0000000708600000| Untracked 
|  23|0x0000000708800000, 0x0000000708800000, 0x0000000708a00000|  0%| F|  |TAMS 0x0000000708800000, 0x0000000708800000| Untracked 
|  24|0x0000000708a00000, 0x0000000708a00000, 0x0000000708c00000|  0%| F|  |TAMS 0x0000000708a00000, 0x0000000708a00000| Untracked 
|  25|0x0000000708c00000, 0x0000000708c00000, 0x0000000708e00000|  0%| F|  |TAMS 0x0000000708c00000, 0x0000000708c00000| Untracked 
|  26|0x0000000708e00000, 0x0000000708e00000, 0x0000000709000000|  0%| F|  |TAMS 0x0000000708e00000, 0x0000000708e00000| Untracked 
|  27|0x0000000709000000, 0x0000000709000000, 0x0000000709200000|  0%| F|  |TAMS 0x0000000709000000, 0x0000000709000000| Untracked 
|  28|0x0000000709200000, 0x0000000709200000, 0x0000000709400000|  0%| F|  |TAMS 0x0000000709200000, 0x0000000709200000| Untracked 
|  29|0x0000000709400000, 0x0000000709400000, 0x0000000709600000|  0%| F|  |TAMS 0x0000000709400000, 0x0000000709400000| Untracked 
|  30|0x0000000709600000, 0x0000000709600000, 0x0000000709800000|  0%| F|  |TAMS 0x0000000709600000, 0x0000000709600000| Untracked 
|  31|0x0000000709800000, 0x0000000709800000, 0x0000000709a00000|  0%| F|  |TAMS 0x0000000709800000, 0x0000000709800000| Untracked 
|  32|0x0000000709a00000, 0x0000000709a00000, 0x0000000709c00000|  0%| F|  |TAMS 0x0000000709a00000, 0x0000000709a00000| Untracked 
|  33|0x0000000709c00000, 0x0000000709c00000, 0x0000000709e00000|  0%| F|  |TAMS 0x0000000709c00000, 0x0000000709c00000| Untracked 
|  34|0x0000000709e00000, 0x0000000709e00000, 0x000000070a000000|  0%| F|  |TAMS 0x0000000709e00000, 0x0000000709e00000| Untracked 
|  35|0x000000070a000000, 0x000000070a000000, 0x000000070a200000|  0%| F|  |TAMS 0x000000070a000000, 0x000000070a000000| Untracked 
|  36|0x000000070a200000, 0x000000070a200000, 0x000000070a400000|  0%| F|  |TAMS 0x000000070a200000, 0x000000070a200000| Untracked 
|  37|0x000000070a400000, 0x000000070a400000, 0x000000070a600000|  0%| F|  |TAMS 0x000000070a400000, 0x000000070a400000| Untracked 
|  38|0x000000070a600000, 0x000000070a600000, 0x000000070a800000|  0%| F|  |TAMS 0x000000070a600000, 0x000000070a600000| Untracked 
|  39|0x000000070a800000, 0x000000070a800000, 0x000000070aa00000|  0%| F|  |TAMS 0x000000070a800000, 0x000000070a800000| Untracked 
|  40|0x000000070aa00000, 0x000000070aa00000, 0x000000070ac00000|  0%| F|  |TAMS 0x000000070aa00000, 0x000000070aa00000| Untracked 
|  41|0x000000070ac00000, 0x000000070ac00000, 0x000000070ae00000|  0%| F|  |TAMS 0x000000070ac00000, 0x000000070ac00000| Untracked 
|  42|0x000000070ae00000, 0x000000070ae00000, 0x000000070b000000|  0%| F|  |TAMS 0x000000070ae00000, 0x000000070ae00000| Untracked 
|  43|0x000000070b000000, 0x000000070b000000, 0x000000070b200000|  0%| F|  |TAMS 0x000000070b000000, 0x000000070b000000| Untracked 
|  44|0x000000070b200000, 0x000000070b200000, 0x000000070b400000|  0%| F|  |TAMS 0x000000070b200000, 0x000000070b200000| Untracked 
|  45|0x000000070b400000, 0x000000070b400000, 0x000000070b600000|  0%| F|  |TAMS 0x000000070b400000, 0x000000070b400000| Untracked 
|  46|0x000000070b600000, 0x000000070b600000, 0x000000070b800000|  0%| F|  |TAMS 0x000000070b600000, 0x000000070b600000| Untracked 
|  47|0x000000070b800000, 0x000000070b800000, 0x000000070ba00000|  0%| F|  |TAMS 0x000000070b800000, 0x000000070b800000| Untracked 
|  48|0x000000070ba00000, 0x000000070ba00000, 0x000000070bc00000|  0%| F|  |TAMS 0x000000070ba00000, 0x000000070ba00000| Untracked 
|  49|0x000000070bc00000, 0x000000070bc00000, 0x000000070be00000|  0%| F|  |TAMS 0x000000070bc00000, 0x000000070bc00000| Untracked 
|  50|0x000000070be00000, 0x000000070be00000, 0x000000070c000000|  0%| F|  |TAMS 0x000000070be00000, 0x000000070be00000| Untracked 
|  51|0x000000070c000000, 0x000000070c000000, 0x000000070c200000|  0%| F|  |TAMS 0x000000070c000000, 0x000000070c000000| Untracked 
|  52|0x000000070c200000, 0x000000070c200000, 0x000000070c400000|  0%| F|  |TAMS 0x000000070c200000, 0x000000070c200000| Untracked 
|  53|0x000000070c400000, 0x000000070c400000, 0x000000070c600000|  0%| F|  |TAMS 0x000000070c400000, 0x000000070c400000| Untracked 
|  54|0x000000070c600000, 0x000000070c600000, 0x000000070c800000|  0%| F|  |TAMS 0x000000070c600000, 0x000000070c600000| Untracked 
|  55|0x000000070c800000, 0x000000070c800000, 0x000000070ca00000|  0%| F|  |TAMS 0x000000070c800000, 0x000000070c800000| Untracked 
|  56|0x000000070ca00000, 0x000000070ca00000, 0x000000070cc00000|  0%| F|  |TAMS 0x000000070ca00000, 0x000000070ca00000| Untracked 
|  57|0x000000070cc00000, 0x000000070cc00000, 0x000000070ce00000|  0%| F|  |TAMS 0x000000070cc00000, 0x000000070cc00000| Untracked 
|  58|0x000000070ce00000, 0x000000070ce00000, 0x000000070d000000|  0%| F|  |TAMS 0x000000070ce00000, 0x000000070ce00000| Untracked 
|  59|0x000000070d000000, 0x000000070d000000, 0x000000070d200000|  0%| F|  |TAMS 0x000000070d000000, 0x000000070d000000| Untracked 
|  60|0x000000070d200000, 0x000000070d200000, 0x000000070d400000|  0%| F|  |TAMS 0x000000070d200000, 0x000000070d200000| Untracked 
|  61|0x000000070d400000, 0x000000070d400000, 0x000000070d600000|  0%| F|  |TAMS 0x000000070d400000, 0x000000070d400000| Untracked 
|  62|0x000000070d600000, 0x000000070d600000, 0x000000070d800000|  0%| F|  |TAMS 0x000000070d600000, 0x000000070d600000| Untracked 
|  63|0x000000070d800000, 0x000000070d800000, 0x000000070da00000|  0%| F|  |TAMS 0x000000070d800000, 0x000000070d800000| Untracked 
|  64|0x000000070da00000, 0x000000070da00000, 0x000000070dc00000|  0%| F|  |TAMS 0x000000070da00000, 0x000000070da00000| Untracked 
|  65|0x000000070dc00000, 0x000000070dc00000, 0x000000070de00000|  0%| F|  |TAMS 0x000000070dc00000, 0x000000070dc00000| Untracked 
|  66|0x000000070de00000, 0x000000070de00000, 0x000000070e000000|  0%| F|  |TAMS 0x000000070de00000, 0x000000070de00000| Untracked 
|  67|0x000000070e000000, 0x000000070e000000, 0x000000070e200000|  0%| F|  |TAMS 0x000000070e000000, 0x000000070e000000| Untracked 
|  68|0x000000070e200000, 0x000000070e200000, 0x000000070e400000|  0%| F|  |TAMS 0x000000070e200000, 0x000000070e200000| Untracked 
|  69|0x000000070e400000, 0x000000070e400000, 0x000000070e600000|  0%| F|  |TAMS 0x000000070e400000, 0x000000070e400000| Untracked 
|  70|0x000000070e600000, 0x000000070e600000, 0x000000070e800000|  0%| F|  |TAMS 0x000000070e600000, 0x000000070e600000| Untracked 
|  71|0x000000070e800000, 0x000000070e800000, 0x000000070ea00000|  0%| F|  |TAMS 0x000000070e800000, 0x000000070e800000| Untracked 
|  72|0x000000070ea00000, 0x000000070ea00000, 0x000000070ec00000|  0%| F|  |TAMS 0x000000070ea00000, 0x000000070ea00000| Untracked 
|  73|0x000000070ec00000, 0x000000070ec00000, 0x000000070ee00000|  0%| F|  |TAMS 0x000000070ec00000, 0x000000070ec00000| Untracked 
|  74|0x000000070ee00000, 0x000000070ee00000, 0x000000070f000000|  0%| F|  |TAMS 0x000000070ee00000, 0x000000070ee00000| Untracked 
|  75|0x000000070f000000, 0x000000070f000000, 0x000000070f200000|  0%| F|  |TAMS 0x000000070f000000, 0x000000070f000000| Untracked 
|  76|0x000000070f200000, 0x000000070f200000, 0x000000070f400000|  0%| F|  |TAMS 0x000000070f200000, 0x000000070f200000| Untracked 
|  77|0x000000070f400000, 0x000000070f400000, 0x000000070f600000|  0%| F|  |TAMS 0x000000070f400000, 0x000000070f400000| Untracked 
|  78|0x000000070f600000, 0x000000070f600000, 0x000000070f800000|  0%| F|  |TAMS 0x000000070f600000, 0x000000070f600000| Untracked 
|  79|0x000000070f800000, 0x000000070f800000, 0x000000070fa00000|  0%| F|  |TAMS 0x000000070f800000, 0x000000070f800000| Untracked 
|  80|0x000000070fa00000, 0x000000070fa00000, 0x000000070fc00000|  0%| F|  |TAMS 0x000000070fa00000, 0x000000070fa00000| Untracked 
|  81|0x000000070fc00000, 0x000000070fc00000, 0x000000070fe00000|  0%| F|  |TAMS 0x000000070fc00000, 0x000000070fc00000| Untracked 
|  82|0x000000070fe00000, 0x000000070fe00000, 0x0000000710000000|  0%| F|  |TAMS 0x000000070fe00000, 0x000000070fe00000| Untracked 
|  83|0x0000000710000000, 0x0000000710000000, 0x0000000710200000|  0%| F|  |TAMS 0x0000000710000000, 0x0000000710000000| Untracked 
|  84|0x0000000710200000, 0x0000000710200000, 0x0000000710400000|  0%| F|  |TAMS 0x0000000710200000, 0x0000000710200000| Untracked 
|  85|0x0000000710400000, 0x0000000710400000, 0x0000000710600000|  0%| F|  |TAMS 0x0000000710400000, 0x0000000710400000| Untracked 
|  86|0x0000000710600000, 0x0000000710600000, 0x0000000710800000|  0%| F|  |TAMS 0x0000000710600000, 0x0000000710600000| Untracked 
|  87|0x0000000710800000, 0x0000000710800000, 0x0000000710a00000|  0%| F|  |TAMS 0x0000000710800000, 0x0000000710800000| Untracked 
|  88|0x0000000710a00000, 0x0000000710a00000, 0x0000000710c00000|  0%| F|  |TAMS 0x0000000710a00000, 0x0000000710a00000| Untracked 
|  89|0x0000000710c00000, 0x0000000710c00000, 0x0000000710e00000|  0%| F|  |TAMS 0x0000000710c00000, 0x0000000710c00000| Untracked 
|  90|0x0000000710e00000, 0x0000000710e00000, 0x0000000711000000|  0%| F|  |TAMS 0x0000000710e00000, 0x0000000710e00000| Untracked 
|  91|0x0000000711000000, 0x0000000711000000, 0x0000000711200000|  0%| F|  |TAMS 0x0000000711000000, 0x0000000711000000| Untracked 
|  92|0x0000000711200000, 0x0000000711200000, 0x0000000711400000|  0%| F|  |TAMS 0x0000000711200000, 0x0000000711200000| Untracked 
|  93|0x0000000711400000, 0x0000000711400000, 0x0000000711600000|  0%| F|  |TAMS 0x0000000711400000, 0x0000000711400000| Untracked 
|  94|0x0000000711600000, 0x0000000711600000, 0x0000000711800000|  0%| F|  |TAMS 0x0000000711600000, 0x0000000711600000| Untracked 
|  95|0x0000000711800000, 0x0000000711800000, 0x0000000711a00000|  0%| F|  |TAMS 0x0000000711800000, 0x0000000711800000| Untracked 
|  96|0x0000000711a00000, 0x0000000711a00000, 0x0000000711c00000|  0%| F|  |TAMS 0x0000000711a00000, 0x0000000711a00000| Untracked 
|  97|0x0000000711c00000, 0x0000000711c00000, 0x0000000711e00000|  0%| F|  |TAMS 0x0000000711c00000, 0x0000000711c00000| Untracked 
|  98|0x0000000711e00000, 0x0000000711e00000, 0x0000000712000000|  0%| F|  |TAMS 0x0000000711e00000, 0x0000000711e00000| Untracked 
|  99|0x0000000712000000, 0x0000000712000000, 0x0000000712200000|  0%| F|  |TAMS 0x0000000712000000, 0x0000000712000000| Untracked 
| 100|0x0000000712200000, 0x0000000712200000, 0x0000000712400000|  0%| F|  |TAMS 0x0000000712200000, 0x0000000712200000| Untracked 
| 101|0x0000000712400000, 0x0000000712400000, 0x0000000712600000|  0%| F|  |TAMS 0x0000000712400000, 0x0000000712400000| Untracked 
| 102|0x0000000712600000, 0x0000000712600000, 0x0000000712800000|  0%| F|  |TAMS 0x0000000712600000, 0x0000000712600000| Untracked 
| 103|0x0000000712800000, 0x0000000712a00000, 0x0000000712a00000|100%| S|CS|TAMS 0x0000000712800000, 0x0000000712800000| Complete 
| 104|0x0000000712a00000, 0x0000000712c00000, 0x0000000712c00000|100%| S|CS|TAMS 0x0000000712a00000, 0x0000000712a00000| Complete 
| 105|0x0000000712c00000, 0x0000000712e00000, 0x0000000712e00000|100%| S|CS|TAMS 0x0000000712c00000, 0x0000000712c00000| Complete 
| 106|0x0000000712e00000, 0x0000000712e00000, 0x0000000713000000|  0%| F|  |TAMS 0x0000000712e00000, 0x0000000712e00000| Untracked 
| 107|0x0000000713000000, 0x0000000713000000, 0x0000000713200000|  0%| F|  |TAMS 0x0000000713000000, 0x0000000713000000| Untracked 
| 108|0x0000000713200000, 0x0000000713200000, 0x0000000713400000|  0%| F|  |TAMS 0x0000000713200000, 0x0000000713200000| Untracked 
| 109|0x0000000713400000, 0x0000000713400000, 0x0000000713600000|  0%| F|  |TAMS 0x0000000713400000, 0x0000000713400000| Untracked 
| 110|0x0000000713600000, 0x0000000713600000, 0x0000000713800000|  0%| F|  |TAMS 0x0000000713600000, 0x0000000713600000| Untracked 
| 111|0x0000000713800000, 0x0000000713800000, 0x0000000713a00000|  0%| F|  |TAMS 0x0000000713800000, 0x0000000713800000| Untracked 
| 112|0x0000000713a00000, 0x0000000713a00000, 0x0000000713c00000|  0%| F|  |TAMS 0x0000000713a00000, 0x0000000713a00000| Untracked 
| 113|0x0000000713c00000, 0x0000000713c00000, 0x0000000713e00000|  0%| F|  |TAMS 0x0000000713c00000, 0x0000000713c00000| Untracked 
| 114|0x0000000713e00000, 0x0000000713e00000, 0x0000000714000000|  0%| F|  |TAMS 0x0000000713e00000, 0x0000000713e00000| Untracked 
| 115|0x0000000714000000, 0x0000000714000000, 0x0000000714200000|  0%| F|  |TAMS 0x0000000714000000, 0x0000000714000000| Untracked 
| 116|0x0000000714200000, 0x0000000714200000, 0x0000000714400000|  0%| F|  |TAMS 0x0000000714200000, 0x0000000714200000| Untracked 
| 117|0x0000000714400000, 0x0000000714400000, 0x0000000714600000|  0%| F|  |TAMS 0x0000000714400000, 0x0000000714400000| Untracked 
| 118|0x0000000714600000, 0x0000000714600000, 0x0000000714800000|  0%| F|  |TAMS 0x0000000714600000, 0x0000000714600000| Untracked 
| 119|0x0000000714800000, 0x0000000714800000, 0x0000000714a00000|  0%| F|  |TAMS 0x0000000714800000, 0x0000000714800000| Untracked 
| 120|0x0000000714a00000, 0x0000000714a00000, 0x0000000714c00000|  0%| F|  |TAMS 0x0000000714a00000, 0x0000000714a00000| Untracked 
| 121|0x0000000714c00000, 0x0000000714c00000, 0x0000000714e00000|  0%| F|  |TAMS 0x0000000714c00000, 0x0000000714c00000| Untracked 
| 122|0x0000000714e00000, 0x0000000714e55da0, 0x0000000715000000| 16%| E|  |TAMS 0x0000000714e00000, 0x0000000714e00000| Complete 
| 123|0x0000000715000000, 0x0000000715200000, 0x0000000715200000|100%| E|CS|TAMS 0x0000000715000000, 0x0000000715000000| Complete 
| 124|0x0000000715200000, 0x0000000715400000, 0x0000000715400000|100%| E|CS|TAMS 0x0000000715200000, 0x0000000715200000| Complete 
| 125|0x0000000715400000, 0x0000000715600000, 0x0000000715600000|100%| E|CS|TAMS 0x0000000715400000, 0x0000000715400000| Complete 

Card table byte_map: [0x000001c030510000,0x000001c030cf0000] _byte_map_base: 0x000001c02cce3000

Marking Bits (Prev, Next): (CMBitMap*) 0x000001c017337d60, (CMBitMap*) 0x000001c017337da0
 Prev Bits: [0x000001c0314d0000, 0x000001c035368000)
 Next Bits: [0x000001c035370000, 0x000001c039208000)

Polling page: 0x000001c0173b0000

Metaspace:

Usage:
  Non-class:     13.35 MB used.
      Class:      2.13 MB used.
       Both:     15.49 MB used.

Virtual space:
  Non-class space:       16.00 MB reserved,      13.44 MB ( 84%) committed,  2 nodes.
      Class space:        1.00 GB reserved,       2.25 MB ( <1%) committed,  1 nodes.
             Both:        1.02 GB reserved,      15.69 MB (  2%) committed. 

Chunk freelists:
   Non-Class:  2.02 MB
       Class:  1.76 MB
        Both:  3.78 MB

MaxMetaspaceSize: unlimited
CompressedClassSpaceSize: 1.00 GB
Initial GC threshold: 21.00 MB
Current GC threshold: 21.00 MB
CDS: on
MetaspaceReclaimPolicy: balanced
 - commit_granule_bytes: 65536.
 - commit_granule_words: 8192.
 - virtual_space_node_default_size: 1048576.
 - enlarge_chunks_in_place: 1.
 - new_chunks_are_fully_committed: 0.
 - uncommit_free_chunks: 1.
 - use_allocation_guard: 0.
 - handle_deallocations: 1.


Internal statistics:

num_allocs_failed_limit: 0.
num_arena_births: 210.
num_arena_deaths: 0.
num_vsnodes_births: 3.
num_vsnodes_deaths: 0.
num_space_committed: 251.
num_space_uncommitted: 0.
num_chunks_returned_to_freelist: 0.
num_chunks_taken_from_freelist: 699.
num_chunk_merges: 0.
num_chunk_splits: 484.
num_chunks_enlarged: 384.
num_purges: 0.
num_inconsistent_stats: 0.

CodeHeap 'non-profiled nmethods': size=120000Kb used=1233Kb max_used=1233Kb free=118766Kb
 bounds [0x000001c027d90000, 0x000001c028000000, 0x000001c02f2c0000]
CodeHeap 'profiled nmethods': size=120000Kb used=5297Kb max_used=5297Kb free=114702Kb
 bounds [0x000001c020860000, 0x000001c020d90000, 0x000001c027d90000]
CodeHeap 'non-nmethods': size=5760Kb used=1434Kb max_used=1496Kb free=4325Kb
 bounds [0x000001c0202c0000, 0x000001c020530000, 0x000001c020860000]
 total_blobs=3681 nmethods=2898 adapters=694
 compilation: enabled
              stopped_count=0, restarted_count=0
 full_count=0

Compilation events (20 events):
Event: 16.343 Thread 0x000001c03bd02150 nmethod 2892 0x000001c020d88790 code [0x000001c020d88980, 0x000001c020d89088]
Event: 16.351 Thread 0x000001c03bd02150 2893       3       com.sun.javafx.geom.transform.Affine3D::deltaTransform (126 bytes)
Event: 16.352 Thread 0x000001c03bd02150 nmethod 2893 0x000001c020d89210 code [0x000001c020d893e0, 0x000001c020d897a8]
Event: 16.352 Thread 0x000001c03bd02150 2894       3       com.sun.javafx.geom.transform.AffineBase::deltaTransform (204 bytes)
Event: 16.352 Thread 0x000001c03bd02150 nmethod 2894 0x000001c020d89990 code [0x000001c020d89b80, 0x000001c020d8a1a8]
Event: 16.352 Thread 0x000001c03bd02150 2895       3       com.sun.javafx.geom.Vec3d::normalize (38 bytes)
Event: 16.352 Thread 0x000001c03bd02150 nmethod 2895 0x000001c020d8a410 code [0x000001c020d8a5e0, 0x000001c020d8a768]
Event: 16.352 Thread 0x000001c03bd02150 2896       3       javafx.scene.input.PickResult::<init> (50 bytes)
Event: 16.352 Thread 0x000001c03bd02150 nmethod 2896 0x000001c020d8a810 code [0x000001c020d8a9c0, 0x000001c020d8acd8]
Event: 16.358 Thread 0x000001c03bd02150 2897   !   3       com.sun.javafx.event.EventQueue::fire (66 bytes)
Event: 16.358 Thread 0x000001c03bd02150 nmethod 2897 0x000001c020d8ad90 code [0x000001c020d8afc0, 0x000001c020d8b828]
Event: 45.474 Thread 0x000001c03bd02150 2898       3       javafx.beans.property.ReadOnlyObjectPropertyBase::fireValueChangedEvent (8 bytes)
Event: 45.474 Thread 0x000001c03bd02150 nmethod 2898 0x000001c020d8bc10 code [0x000001c020d8bdc0, 0x000001c020d8c028]
Event: 86.288 Thread 0x000001c03bd00b00 2899       4       com.sun.javafx.tk.quantum.QuantumToolkit::postPulse (106 bytes)
Event: 86.297 Thread 0x000001c03bd00b00 nmethod 2899 0x000001c027ec3010 code [0x000001c027ec31c0, 0x000001c027ec33f8]
Event: 86.991 Thread 0x000001c03bd00b00 2900       4       com.sun.javafx.tk.quantum.QuantumToolkit$$Lambda$104/0x0000000800c31618::run (8 bytes)
Event: 86.996 Thread 0x000001c03bd00b00 nmethod 2900 0x000001c027ec3710 code [0x000001c027ec38e0, 0x000001c027ec3b88]
Event: 153.263 Thread 0x000001c03bd02150 2901       3       java.lang.invoke.MethodHandles$Lookup$ClassDefiner::<init> (58 bytes)
Event: 153.263 Thread 0x000001c03bd02150 nmethod 2901 0x000001c020d8c110 code [0x000001c020d8c2c0, 0x000001c020d8c578]
Event: 153.264 Thread 0x000001c03bd02150 2902       3       java.lang.invoke.MethodHandles$Lookup$ClassDefiner::defineClass (97 bytes)

GC Heap History (4 events):
Event: 1.048 GC heap before
{Heap before GC invocations=0 (full 0):
 garbage-first heap   total 258048K, used 22528K [0x0000000705a00000, 0x0000000800000000)
  region size 2048K, 11 young (22528K), 0 survivors (0K)
 Metaspace       used 5166K, committed 5312K, reserved 1056768K
  class space    used 597K, committed 640K, reserved 1048576K
}
Event: 1.054 GC heap after
{Heap after GC invocations=1 (full 0):
 garbage-first heap   total 258048K, used 2874K [0x0000000705a00000, 0x0000000800000000)
  region size 2048K, 2 young (4096K), 2 survivors (4096K)
 Metaspace       used 5166K, committed 5312K, reserved 1056768K
  class space    used 597K, committed 640K, reserved 1048576K
}
Event: 5.969 GC heap before
{Heap before GC invocations=1 (full 0):
 garbage-first heap   total 258048K, used 41786K [0x0000000705a00000, 0x0000000800000000)
  region size 2048K, 20 young (40960K), 2 survivors (4096K)
 Metaspace       used 14900K, committed 15168K, reserved 1064960K
  class space    used 2120K, committed 2304K, reserved 1048576K
}
Event: 5.977 GC heap after
{Heap after GC invocations=2 (full 0):
 garbage-first heap   total 258048K, used 10079K [0x0000000705a00000, 0x0000000800000000)
  region size 2048K, 3 young (6144K), 3 survivors (6144K)
 Metaspace       used 14900K, committed 15168K, reserved 1064960K
  class space    used 2120K, committed 2304K, reserved 1048576K
}

Deoptimization events (20 events):
Event: 5.910 Thread 0x000001c03d2787a0 Uncommon trap: trap_request=0xffffff45 fr.pc=0x000001c027de8b9c relative=0x000000000000055c
Event: 5.910 Thread 0x000001c03d2787a0 Uncommon trap: reason=unstable_if action=reinterpret pc=0x000001c027de8b9c method=java.lang.AbstractStringBuilder.putStringAt(ILjava/lang/String;II)V @ 8 c2
Event: 5.910 Thread 0x000001c03d2787a0 DEOPT PACKING pc=0x000001c027de8b9c sp=0x0000000a234fc600
Event: 5.910 Thread 0x000001c03d2787a0 DEOPT UNPACKING pc=0x000001c020315c23 sp=0x0000000a234fc4f0 mode 2
Event: 5.910 Thread 0x000001c03d2787a0 Uncommon trap: trap_request=0xffffff45 fr.pc=0x000001c027de18fc relative=0x000000000000015c
Event: 5.910 Thread 0x000001c03d2787a0 Uncommon trap: reason=unstable_if action=reinterpret pc=0x000001c027de18fc method=java.lang.AbstractStringBuilder.putStringAt(ILjava/lang/String;II)V @ 8 c2
Event: 5.910 Thread 0x000001c03d2787a0 DEOPT PACKING pc=0x000001c027de18fc sp=0x0000000a234fc5c0
Event: 5.910 Thread 0x000001c03d2787a0 DEOPT UNPACKING pc=0x000001c020315c23 sp=0x0000000a234fc508 mode 2
Event: 13.251 Thread 0x000001c03cfd2d90 DEOPT PACKING pc=0x000001c020b6f738 sp=0x0000000a230fdb20
Event: 13.252 Thread 0x000001c03cfd2d90 DEOPT UNPACKING pc=0x000001c020316763 sp=0x0000000a230fced8 mode 0
Event: 13.973 Thread 0x000001c03cfd2d90 DEOPT PACKING pc=0x000001c020bc5683 sp=0x0000000a230fd2c0
Event: 13.973 Thread 0x000001c03cfd2d90 DEOPT UNPACKING pc=0x000001c020316763 sp=0x0000000a230fc6e0 mode 0
Event: 14.536 Thread 0x000001c03d2787a0 Uncommon trap: trap_request=0xffffff45 fr.pc=0x000001c027deb3ec relative=0x000000000000044c
Event: 14.536 Thread 0x000001c03d2787a0 Uncommon trap: reason=unstable_if action=reinterpret pc=0x000001c027deb3ec method=java.lang.StringLatin1.canEncode(I)Z @ 4 c2
Event: 14.536 Thread 0x000001c03d2787a0 DEOPT PACKING pc=0x000001c027deb3ec sp=0x0000000a234fa880
Event: 14.536 Thread 0x000001c03d2787a0 DEOPT UNPACKING pc=0x000001c020315c23 sp=0x0000000a234fa7a8 mode 2
Event: 14.679 Thread 0x000001c03cfd2d90 DEOPT PACKING pc=0x000001c020b701c2 sp=0x0000000a230fd7a0
Event: 14.679 Thread 0x000001c03cfd2d90 DEOPT UNPACKING pc=0x000001c020316763 sp=0x0000000a230fcc30 mode 0
Event: 15.264 Thread 0x000001c03cfd2d90 DEOPT PACKING pc=0x000001c020c865ca sp=0x0000000a230fdf70
Event: 15.264 Thread 0x000001c03cfd2d90 DEOPT UNPACKING pc=0x000001c020316763 sp=0x0000000a230fd388 mode 0

Classes unloaded (0 events):
No events

Classes redefined (0 events):
No events

Internal exceptions (20 events):
Event: 1.556 Thread 0x000001c03d2787a0 Implicit null exception at 0x000001c027da8e2f to 0x000001c027da905d
Event: 1.694 Thread 0x000001c03d2787a0 Exception <a 'java/lang/ClassNotFoundException'{0x0000000713a9c578}: com/sun/javafx/scene/control/skin/resources/controls> (0x0000000713a9c578) 
thrown [t:\workspace\open\src\hotspot\share\prims\jni.cpp, line 535]
Event: 1.695 Thread 0x000001c03d2787a0 Exception <a 'java/lang/ClassNotFoundException'{0x0000000713aaa078}: com/sun/javafx/scene/control/skin/resources/controls_ru> (0x0000000713aaa078) 
thrown [t:\workspace\open\src\hotspot\share\prims\jni.cpp, line 535]
Event: 1.695 Thread 0x000001c03d2787a0 Exception <a 'java/lang/ClassNotFoundException'{0x0000000713aab0a8}: com/sun/javafx/scene/control/skin/resources/controls_ru_RU> (0x0000000713aab0a8) 
thrown [t:\workspace\open\src\hotspot\share\prims\jni.cpp, line 535]
Event: 1.731 Thread 0x000001c03d2787a0 Exception <a 'java/lang/NoSuchMethodError'{0x000000071386c210}: 'void java.lang.invoke.DirectMethodHandle$Holder.invokeSpecial(java.lang.Object, java.lang.Object, java.lang.Object, java.lang.Object, java.lang.Object, java.lang.Object)'> (0x000000071386c210) 
thrown [t:\workspace\open\src\hotspot\share\interpreter\linkResolver.cpp, line 766]
Event: 1.775 Thread 0x000001c03d2787a0 Exception <a 'java/lang/NoSuchMethodError'{0x00000007137b2e70}: 'java.lang.Object java.lang.invoke.DirectMethodHandle$Holder.invokeInterface(java.lang.Object, java.lang.Object, java.lang.Object)'> (0x00000007137b2e70) 
thrown [t:\workspace\open\src\hotspot\share\interpreter\linkResolver.cpp, line 766]
Event: 1.775 Thread 0x000001c03d2787a0 Exception <a 'java/lang/IncompatibleClassChangeError'{0x00000007137b67f8}: Found class java.lang.Object, but interface was expected> (0x00000007137b67f8) 
thrown [t:\workspace\open\src\hotspot\share\interpreter\linkResolver.cpp, line 833]
Event: 1.841 Thread 0x000001c03d2787a0 Exception <a 'java/lang/NoSuchMethodError'{0x0000000713597138}: 'java.lang.Object java.lang.invoke.DirectMethodHandle$Holder.newInvokeSpecial(java.lang.Object, java.lang.Object, int)'> (0x0000000713597138) 
thrown [t:\workspace\open\src\hotspot\share\interpreter\linkResolver.cpp, line 766]
Event: 1.875 Thread 0x000001c03cfd2d90 Exception <a 'java/lang/NoSuchMethodError'{0x0000000713285270}: 'int java.lang.invoke.DirectMethodHandle$Holder.invokeStaticInit(java.lang.Object, java.lang.Object)'> (0x0000000713285270) 
thrown [t:\workspace\open\src\hotspot\share\interpreter\linkResolver.cpp, line 766]
Event: 1.885 Thread 0x000001c03d2787a0 Exception <a 'java/lang/NoSuchMethodError'{0x00000007132503e8}: 'long java.lang.invoke.DirectMethodHandle$Holder.invokeStatic(java.lang.Object, java.lang.Object, java.lang.Object)'> (0x00000007132503e8) 
thrown [t:\workspace\open\src\hotspot\share\interpreter\linkResolver.cpp, line 766]
Event: 1.885 Thread 0x000001c03d2787a0 Exception <a 'java/lang/NoSuchMethodError'{0x0000000713253b90}: 'long java.lang.invoke.DirectMethodHandle$Holder.invokeStaticInit(java.lang.Object, java.lang.Object, java.lang.Object)'> (0x0000000713253b90) 
thrown [t:\workspace\open\src\hotspot\share\interpreter\linkResolver.cpp, line 766]
Event: 1.889 Thread 0x000001c03d2787a0 Exception <a 'java/lang/NoSuchMethodError'{0x00000007133359c8}: 'java.lang.Object java.lang.invoke.DirectMethodHandle$Holder.newInvokeSpecial(java.lang.Object, java.lang.Object, long)'> (0x00000007133359c8) 
thrown [t:\workspace\open\src\hotspot\share\interpreter\linkResolver.cpp, line 766]
Event: 1.889 Thread 0x000001c03d2787a0 Exception <a 'java/lang/NoSuchMethodError'{0x0000000713339538}: 'java.lang.Object java.lang.invoke.Invokers$Holder.linkToTargetMethod(java.lang.Object, long, java.lang.Object)'> (0x0000000713339538) 
thrown [t:\workspace\open\src\hotspot\share\interpreter\linkResolver.cpp, line 766]
Event: 5.896 Thread 0x000001c03d2787a0 Exception <a 'sun/nio/fs/WindowsException'{0x0000000712ef7a88}> (0x0000000712ef7a88) 
thrown [t:\workspace\open\src\hotspot\share\prims\jni.cpp, line 516]
Event: 5.902 Thread 0x000001c03d2787a0 Exception <a 'java/lang/ClassNotFoundException'{0x0000000712f0d0e0}: sun/util/logging/resources/spi/loggingProvider> (0x0000000712f0d0e0) 
thrown [t:\workspace\open\src\hotspot\share\classfile\systemDictionary.cpp, line 256]
Event: 13.152 Thread 0x000001c03d2787a0 Exception <a 'java/lang/NoSuchMethodError'{0x0000000715354680}: 'java.lang.Object java.lang.invoke.DirectMethodHandle$Holder.newInvokeSpecial(java.lang.Object, java.lang.Object, int, int, int, int, int, java.lang.Object)'> (0x0000000715354680) 
thrown [t:\workspace\open\src\hotspot\share\interpreter\linkResolver.cpp, line 766]
Event: 13.153 Thread 0x000001c03d2787a0 Exception <a 'java/lang/NoSuchMethodError'{0x0000000715367bb0}: 'java.lang.Object java.lang.invoke.DirectMethodHandle$Holder.newInvokeSpecial(java.lang.Object, java.lang.Object, java.lang.Object, int, int, int, int, int)'> (0x0000000715367bb0) 
thrown [t:\workspace\open\src\hotspot\share\interpreter\linkResolver.cpp, line 766]
Event: 13.154 Thread 0x000001c03d2787a0 Exception <a 'java/lang/NoSuchMethodError'{0x000000071536f960}: 'java.lang.Object java.lang.invoke.Invokers$Holder.linkToTargetMethod(java.lang.Object, java.lang.Object, int, int, int, int, int, java.lang.Object)'> (0x000000071536f960) 
thrown [t:\workspace\open\src\hotspot\share\interpreter\linkResolver.cpp, line 766]
Event: 15.158 Thread 0x000001c03d2787a0 Exception <a 'java/net/ConnectException'{0x00000007153fa818}: Connection refused: connect> (0x00000007153fa818) 
thrown [t:\workspace\open\src\hotspot\share\prims\jni.cpp, line 535]
Event: 15.159 Thread 0x000001c03d2787a0 Exception <a 'java/net/SocketException'{0x00000007153fc460}: Socket is not connected: shutdown> (0x00000007153fc460) 
thrown [t:\workspace\open\src\hotspot\share\prims\jni.cpp, line 535]

VM Operations (20 events):
Event: 7.978 Executing VM operation: Cleanup done
Event: 8.979 Executing VM operation: Cleanup
Event: 8.979 Executing VM operation: Cleanup done
Event: 9.979 Executing VM operation: Cleanup
Event: 9.979 Executing VM operation: Cleanup done
Event: 10.980 Executing VM operation: Cleanup
Event: 10.980 Executing VM operation: Cleanup done
Event: 11.980 Executing VM operation: Cleanup
Event: 11.980 Executing VM operation: Cleanup done
Event: 12.981 Executing VM operation: Cleanup
Event: 12.981 Executing VM operation: Cleanup done
Event: 13.981 Executing VM operation: Cleanup
Event: 13.981 Executing VM operation: Cleanup done
Event: 15.981 Executing VM operation: Cleanup
Event: 15.982 Executing VM operation: Cleanup done
Event: 17.983 Executing VM operation: Cleanup
Event: 17.983 Executing VM operation: Cleanup done
Event: 47.047 Executing VM operation: Cleanup
Event: 47.047 Executing VM operation: Cleanup done
Event: 153.264 Executing VM operation: Exit

Events (20 events):
Event: 15.159 loading class sun/net/util/SocketExceptions done
Event: 15.159 loading class java/lang/Throwable$WrappedPrintStream
Event: 15.160 loading class java/lang/Throwable$PrintStreamOrWriter
Event: 15.160 loading class java/lang/Throwable$PrintStreamOrWriter done
Event: 15.160 loading class java/lang/Throwable$WrappedPrintStream done
Event: 15.181 loading class java/lang/AnchorPane
Event: 15.181 loading class java/lang/AnchorPane done
Event: 15.182 loading class java/lang/TextField
Event: 15.182 loading class java/lang/TextField done
Event: 15.183 loading class java/lang/PasswordField
Event: 15.183 loading class java/lang/PasswordField done
Event: 15.187 Thread 0x000001c044ee3540 Thread added: 0x000001c044ee3540
Event: 15.702 Thread 0x000001c044ee3540 Thread exited: 0x000001c044ee3540
Event: 153.261 loading class jdk/internal/misc/Signal$1
Event: 153.261 loading class jdk/internal/misc/Signal$1 done
Event: 153.261 Thread 0x000001c042b99610 Thread added: 0x000001c042b99610
Event: 153.261 Thread 0x000001c042b9ae20 Thread added: 0x000001c042b9ae20
Event: 153.261 Thread 0x000001c042b987a0 Thread added: 0x000001c042b987a0
Event: 153.262 Thread 0x000001c042b9ae20 Thread exited: 0x000001c042b9ae20
Event: 153.264 Thread 0x000001c042b987a0 Thread exited: 0x000001c042b987a0


Dynamic libraries:
0x00007ff6641f0000 - 0x00007ff6641fe000 	C:\Users\shapo\.jdks\openjdk-17.0.1\bin\java.exe
0x00007ffa20ad0000 - 0x00007ffa20ce7000 	C:\WINDOWS\SYSTEM32\ntdll.dll
0x00007ffa1fe90000 - 0x00007ffa1ff54000 	C:\WINDOWS\System32\KERNEL32.DLL
0x00007ffa1de40000 - 0x00007ffa1e1e6000 	C:\WINDOWS\System32\KERNELBASE.dll
0x00007ffa1e310000 - 0x00007ffa1e421000 	C:\WINDOWS\System32\ucrtbase.dll
0x00007ffa03e30000 - 0x00007ffa03e4a000 	C:\Users\shapo\.jdks\openjdk-17.0.1\bin\VCRUNTIME140.dll
0x00007ffa04e50000 - 0x00007ffa04e68000 	C:\Users\shapo\.jdks\openjdk-17.0.1\bin\jli.dll
0x00007ffa1e980000 - 0x00007ffa1eb2e000 	C:\WINDOWS\System32\USER32.dll
0x00007ffa1de10000 - 0x00007ffa1de36000 	C:\WINDOWS\System32\win32u.dll
0x00007ffa1ff60000 - 0x00007ffa1ff89000 	C:\WINDOWS\System32\GDI32.dll
0x00007ffa01c50000 - 0x00007ffa01ee3000 	C:\WINDOWS\WinSxS\amd64_microsoft.windows.common-controls_6595b64144ccf1df_6.0.22621.2506_none_270c5ae97388e100\COMCTL32.dll
0x00007ffa1e1f0000 - 0x00007ffa1e308000 	C:\WINDOWS\System32\gdi32full.dll
0x00007ffa20020000 - 0x00007ffa200c7000 	C:\WINDOWS\System32\msvcrt.dll
0x00007ffa1e4b0000 - 0x00007ffa1e54a000 	C:\WINDOWS\System32\msvcp_win.dll
0x00007ffa1eba0000 - 0x00007ffa1ebd1000 	C:\WINDOWS\System32\IMM32.DLL
0x00007ffa0c230000 - 0x00007ffa0c23c000 	C:\Users\shapo\.jdks\openjdk-17.0.1\bin\vcruntime140_1.dll
0x00007ffa01840000 - 0x00007ffa018cd000 	C:\Users\shapo\.jdks\openjdk-17.0.1\bin\msvcp140.dll
0x00007ff92ce10000 - 0x00007ff92d9ce000 	C:\Users\shapo\.jdks\openjdk-17.0.1\bin\server\jvm.dll
0x00007ffa209b0000 - 0x00007ffa20a63000 	C:\WINDOWS\System32\ADVAPI32.dll
0x00007ffa200d0000 - 0x00007ffa20178000 	C:\WINDOWS\System32\sechost.dll
0x00007ffa1e550000 - 0x00007ffa1e578000 	C:\WINDOWS\System32\bcrypt.dll
0x00007ffa202e0000 - 0x00007ffa203f7000 	C:\WINDOWS\System32\RPCRT4.dll
0x00007ffa20400000 - 0x00007ffa20408000 	C:\WINDOWS\System32\PSAPI.DLL
0x00007ff9f7bb0000 - 0x00007ff9f7bb9000 	C:\WINDOWS\SYSTEM32\WSOCK32.dll
0x00007ffa12180000 - 0x00007ffa121b4000 	C:\WINDOWS\SYSTEM32\WINMM.dll
0x00007ffa1e900000 - 0x00007ffa1e971000 	C:\WINDOWS\System32\WS2_32.dll
0x00007ffa0b990000 - 0x00007ffa0b99a000 	C:\WINDOWS\SYSTEM32\VERSION.dll
0x00007ffa1ce00000 - 0x00007ffa1ce18000 	C:\WINDOWS\SYSTEM32\kernel.appcore.dll
0x00007ffa0b9a0000 - 0x00007ffa0b9aa000 	C:\Users\shapo\.jdks\openjdk-17.0.1\bin\jimage.dll
0x00007ffa1b670000 - 0x00007ffa1b8a3000 	C:\WINDOWS\SYSTEM32\DBGHELP.DLL
0x00007ffa20410000 - 0x00007ffa20799000 	C:\WINDOWS\System32\combase.dll
0x00007ffa1e820000 - 0x00007ffa1e8f7000 	C:\WINDOWS\System32\OLEAUT32.dll
0x00007ff9fb230000 - 0x00007ff9fb262000 	C:\WINDOWS\SYSTEM32\dbgcore.DLL
0x00007ffa1e430000 - 0x00007ffa1e4aa000 	C:\WINDOWS\System32\bcryptPrimitives.dll
0x00007ffa07dc0000 - 0x00007ffa07dce000 	C:\Users\shapo\.jdks\openjdk-17.0.1\bin\instrument.dll
0x00007ffa03790000 - 0x00007ffa037b5000 	C:\Users\shapo\.jdks\openjdk-17.0.1\bin\java.dll
0x00007ff9e22f0000 - 0x00007ff9e23c6000 	C:\Users\shapo\.jdks\openjdk-17.0.1\bin\svml.dll
0x00007ffa1f0f0000 - 0x00007ffa1f94a000 	C:\WINDOWS\System32\SHELL32.dll
0x00007ffa1bd10000 - 0x00007ffa1c606000 	C:\WINDOWS\SYSTEM32\windows.storage.dll
0x00007ffa1bbd0000 - 0x00007ffa1bd0e000 	C:\WINDOWS\SYSTEM32\wintypes.dll
0x00007ffa201e0000 - 0x00007ffa202d3000 	C:\WINDOWS\System32\SHCORE.dll
0x00007ffa20180000 - 0x00007ffa201de000 	C:\WINDOWS\System32\shlwapi.dll
0x00007ffa1dd40000 - 0x00007ffa1dd66000 	C:\WINDOWS\SYSTEM32\profapi.dll
0x00007ffa03720000 - 0x00007ffa03739000 	C:\Users\shapo\.jdks\openjdk-17.0.1\bin\net.dll
0x00007ffa14030000 - 0x00007ffa14167000 	C:\WINDOWS\SYSTEM32\WINHTTP.dll
0x00007ffa1d280000 - 0x00007ffa1d2e9000 	C:\WINDOWS\system32\mswsock.dll
0x00007ffa01820000 - 0x00007ffa01835000 	C:\Users\shapo\.jdks\openjdk-17.0.1\bin\nio.dll
0x00007ffa01450000 - 0x00007ffa01468000 	C:\Users\shapo\.jdks\openjdk-17.0.1\bin\zip.dll
0x00007ffa01430000 - 0x00007ffa0144a000 	C:\Users\shapo\JetBrains\IntelliJ IDEA Community Edition 2021.2\bin\breakgen64.dll
0x000001c03be40000 - 0x000001c03be43000 	C:\Users\shapo\.jdks\openjdk-17.0.1\bin\api-ms-win-core-console-l1-1-0.dll
0x000001c03be50000 - 0x000001c03be53000 	C:\Users\shapo\.jdks\openjdk-17.0.1\bin\api-ms-win-core-datetime-l1-1-0.dll
0x000001c03be60000 - 0x000001c03be63000 	C:\Users\shapo\.jdks\openjdk-17.0.1\bin\api-ms-win-core-debug-l1-1-0.dll
0x000001c03be70000 - 0x000001c03be73000 	C:\Users\shapo\.jdks\openjdk-17.0.1\bin\api-ms-win-core-errorhandling-l1-1-0.dll
0x000001c03be80000 - 0x000001c03be84000 	C:\Users\shapo\.jdks\openjdk-17.0.1\bin\api-ms-win-core-file-l1-1-0.dll
0x000001c03be90000 - 0x000001c03be93000 	C:\Users\shapo\.jdks\openjdk-17.0.1\bin\api-ms-win-core-file-l1-2-0.dll
0x000001c03bea0000 - 0x000001c03bea3000 	C:\Users\shapo\.jdks\openjdk-17.0.1\bin\api-ms-win-core-file-l2-1-0.dll
0x000001c03beb0000 - 0x000001c03beb3000 	C:\Users\shapo\.jdks\openjdk-17.0.1\bin\api-ms-win-core-handle-l1-1-0.dll
0x000001c03bec0000 - 0x000001c03bec3000 	C:\Users\shapo\.jdks\openjdk-17.0.1\bin\api-ms-win-core-heap-l1-1-0.dll
0x000001c03bed0000 - 0x000001c03bed3000 	C:\Users\shapo\.jdks\openjdk-17.0.1\bin\api-ms-win-core-interlocked-l1-1-0.dll
0x000001c03bee0000 - 0x000001c03bee3000 	C:\Users\shapo\.jdks\openjdk-17.0.1\bin\api-ms-win-core-libraryloader-l1-1-0.dll
0x000001c03bef0000 - 0x000001c03bef3000 	C:\Users\shapo\.jdks\openjdk-17.0.1\bin\api-ms-win-core-localization-l1-2-0.dll
0x000001c03bf00000 - 0x000001c03bf03000 	C:\Users\shapo\.jdks\openjdk-17.0.1\bin\api-ms-win-core-memory-l1-1-0.dll
0x000001c03bf10000 - 0x000001c03bf13000 	C:\Users\shapo\.jdks\openjdk-17.0.1\bin\api-ms-win-core-namedpipe-l1-1-0.dll
0x000001c03bf20000 - 0x000001c03bf23000 	C:\Users\shapo\.jdks\openjdk-17.0.1\bin\api-ms-win-core-processenvironment-l1-1-0.dll
0x000001c03bf30000 - 0x000001c03bf33000 	C:\Users\shapo\.jdks\openjdk-17.0.1\bin\api-ms-win-core-processthreads-l1-1-0.dll
0x000001c03bf40000 - 0x000001c03bf43000 	C:\Users\shapo\.jdks\openjdk-17.0.1\bin\api-ms-win-core-processthreads-l1-1-1.dll
0x000001c03bf50000 - 0x000001c03bf53000 	C:\Users\shapo\.jdks\openjdk-17.0.1\bin\api-ms-win-core-profile-l1-1-0.dll
0x000001c03bf60000 - 0x000001c03bf63000 	C:\Users\shapo\.jdks\openjdk-17.0.1\bin\api-ms-win-core-rtlsupport-l1-1-0.dll
0x000001c03bf70000 - 0x000001c03bf73000 	C:\Users\shapo\.jdks\openjdk-17.0.1\bin\api-ms-win-core-string-l1-1-0.dll
0x000001c03bf80000 - 0x000001c03bf83000 	C:\Users\shapo\.jdks\openjdk-17.0.1\bin\api-ms-win-core-synch-l1-1-0.dll
0x000001c03bf90000 - 0x000001c03bf93000 	C:\Users\shapo\.jdks\openjdk-17.0.1\bin\api-ms-win-core-synch-l1-2-0.dll
0x000001c03bfa0000 - 0x000001c03bfa3000 	C:\Users\shapo\.jdks\openjdk-17.0.1\bin\api-ms-win-core-sysinfo-l1-1-0.dll
0x000001c03bfb0000 - 0x000001c03bfb3000 	C:\Users\shapo\.jdks\openjdk-17.0.1\bin\api-ms-win-core-timezone-l1-1-0.dll
0x000001c03bfc0000 - 0x000001c03bfc3000 	C:\Users\shapo\.jdks\openjdk-17.0.1\bin\api-ms-win-core-util-l1-1-0.dll
0x000001c03bfd0000 - 0x000001c03bfd3000 	C:\Users\shapo\.jdks\openjdk-17.0.1\bin\api-ms-win-crt-conio-l1-1-0.dll
0x000001c03bfe0000 - 0x000001c03bfe4000 	C:\Users\shapo\.jdks\openjdk-17.0.1\bin\api-ms-win-crt-convert-l1-1-0.dll
0x000001c03bff0000 - 0x000001c03bff3000 	C:\Users\shapo\.jdks\openjdk-17.0.1\bin\api-ms-win-crt-environment-l1-1-0.dll
0x000001c03d400000 - 0x000001c03d403000 	C:\Users\shapo\.jdks\openjdk-17.0.1\bin\api-ms-win-crt-filesystem-l1-1-0.dll
0x000001c03d410000 - 0x000001c03d413000 	C:\Users\shapo\.jdks\openjdk-17.0.1\bin\api-ms-win-crt-heap-l1-1-0.dll
0x000001c03d420000 - 0x000001c03d423000 	C:\Users\shapo\.jdks\openjdk-17.0.1\bin\api-ms-win-crt-locale-l1-1-0.dll
0x000001c03d430000 - 0x000001c03d435000 	C:\Users\shapo\.jdks\openjdk-17.0.1\bin\api-ms-win-crt-math-l1-1-0.dll
0x000001c03d440000 - 0x000001c03d445000 	C:\Users\shapo\.jdks\openjdk-17.0.1\bin\api-ms-win-crt-multibyte-l1-1-0.dll
0x000001c03d450000 - 0x000001c03d460000 	C:\Users\shapo\.jdks\openjdk-17.0.1\bin\api-ms-win-crt-private-l1-1-0.dll
0x000001c03d460000 - 0x000001c03d463000 	C:\Users\shapo\.jdks\openjdk-17.0.1\bin\api-ms-win-crt-process-l1-1-0.dll
0x000001c03d470000 - 0x000001c03d474000 	C:\Users\shapo\.jdks\openjdk-17.0.1\bin\api-ms-win-crt-runtime-l1-1-0.dll
0x000001c03d480000 - 0x000001c03d484000 	C:\Users\shapo\.jdks\openjdk-17.0.1\bin\api-ms-win-crt-stdio-l1-1-0.dll
0x000001c03d490000 - 0x000001c03d494000 	C:\Users\shapo\.jdks\openjdk-17.0.1\bin\api-ms-win-crt-string-l1-1-0.dll
0x000001c03d4a0000 - 0x000001c03d4a3000 	C:\Users\shapo\.jdks\openjdk-17.0.1\bin\api-ms-win-crt-time-l1-1-0.dll
0x000001c03d4b0000 - 0x000001c03d4b3000 	C:\Users\shapo\.jdks\openjdk-17.0.1\bin\api-ms-win-crt-utility-l1-1-0.dll
0x00007ff9d6720000 - 0x00007ff9d681a000 	C:\Users\shapo\.jdks\openjdk-17.0.1\bin\ucrtbase.dll
0x00007ff9e23d0000 - 0x00007ff9e241d000 	C:\Windows\System32\concrt140.dll
0x00007ff9fd120000 - 0x00007ff9fd143000 	C:\Users\shapo\.openjfx\cache\11.0.1\prism_d3d.dll
0x00007ff9c3c70000 - 0x00007ff9c3e19000 	C:\WINDOWS\system32\d3d9.dll
0x00007ffa17580000 - 0x00007ffa175ab000 	C:\WINDOWS\SYSTEM32\dwmapi.dll
0x00007ffa17410000 - 0x00007ffa17446000 	C:\WINDOWS\SYSTEM32\dxcore.dll
0x00007ffa172f0000 - 0x00007ffa1739b000 	C:\WINDOWS\system32\uxtheme.dll
0x00007ff9a1fe0000 - 0x00007ff9a2147000 	C:\Windows\System32\DriverStore\FileRepository\iigd_dch.inf_amd64_9982160a24b56bf6\igdumdim64.dll
0x00007ffa1ece0000 - 0x00007ffa1ee80000 	C:\WINDOWS\System32\ole32.dll
0x00007ff9370c0000 - 0x00007ff93acb2000 	C:\Windows\System32\DriverStore\FileRepository\iigd_dch.inf_amd64_9982160a24b56bf6\igd9dxva64.dll
0x00007ffa1f980000 - 0x00007ffa1fdf4000 	C:\WINDOWS\System32\SETUPAPI.dll
0x00007ffa1db00000 - 0x00007ffa1db4e000 	C:\WINDOWS\SYSTEM32\cfgmgr32.dll
0x00007ffa0f6a0000 - 0x00007ffa0fa65000 	C:\Windows\System32\DriverStore\FileRepository\iigd_dch.inf_amd64_9982160a24b56bf6\igdgmm64.dll
0x00007ffa14ae0000 - 0x00007ffa14b2a000 	C:\WINDOWS\SYSTEM32\directxdatabasehelper.dll
0x00007ff9f3d30000 - 0x00007ff9f3d75000 	C:\Users\shapo\.openjfx\cache\11.0.1\glass.dll
0x00007ffa1ebe0000 - 0x00007ffa1ecd9000 	C:\WINDOWS\System32\COMDLG32.dll
0x00007ffa1ee80000 - 0x00007ffa1efd0000 	C:\WINDOWS\System32\MSCTF.dll
0x00007ff9c25a0000 - 0x00007ff9c25c7000 	C:\Windows\System32\DriverStore\FileRepository\iigd_dch.inf_amd64_9982160a24b56bf6\igdinfo64.dll
0x00007ffa083c0000 - 0x00007ffa0b883000 	C:\Windows\System32\DriverStore\FileRepository\iigd_dch.inf_amd64_9982160a24b56bf6\igc64.dll
0x00007ff9f5d30000 - 0x00007ff9f5d44000 	C:\Users\shapo\.openjfx\cache\11.0.1\javafx_font.dll
0x00007ffa160d0000 - 0x00007ffa16343000 	C:\WINDOWS\SYSTEM32\dwrite.dll
0x00007ffa1efd0000 - 0x00007ffa1f080000 	C:\WINDOWS\System32\clbcatq.dll
0x00007ffa15930000 - 0x00007ffa15ae0000 	C:\WINDOWS\SYSTEM32\WindowsCodecs.dll
0x00007ff9fdb00000 - 0x00007ff9fdb5e000 	C:\WINDOWS\system32\dataexchange.dll
0x00007ffa123b0000 - 0x00007ffa12635000 	C:\WINDOWS\system32\twinapi.appcore.dll
0x00007ff9f3cf0000 - 0x00007ff9f3d22000 	C:\Program Files\Common Files\Microsoft Shared\Ink\rtscom.dll
0x00007ffa0f550000 - 0x00007ffa0f69a000 	C:\WINDOWS\SYSTEM32\textinputframework.dll
0x00007ffa16d70000 - 0x00007ffa16ea4000 	C:\WINDOWS\SYSTEM32\CoreMessaging.dll
0x00007ffa14270000 - 0x00007ffa145dc000 	C:\WINDOWS\SYSTEM32\CoreUIComponents.dll
0x00007ffa1d4a0000 - 0x00007ffa1d4ac000 	C:\WINDOWS\SYSTEM32\CRYPTBASE.DLL
0x00007ffa1c8e0000 - 0x00007ffa1c9d9000 	C:\WINDOWS\SYSTEM32\DNSAPI.dll
0x00007ffa1c870000 - 0x00007ffa1c89d000 	C:\WINDOWS\SYSTEM32\IPHLPAPI.DLL
0x00007ffa1fe00000 - 0x00007ffa1fe09000 	C:\WINDOWS\System32\NSI.dll
0x00007ffa0f090000 - 0x00007ffa0f09a000 	C:\Windows\System32\rasadhlp.dll
0x00007ffa11940000 - 0x00007ffa119c3000 	C:\WINDOWS\System32\fwpuclnt.dll

dbghelp: loaded successfully - version: 4.0.5 - missing functions: none
symbol engine: initialized successfully - sym options: 0x614 - pdb path: .;C:\Users\shapo\.jdks\openjdk-17.0.1\bin;C:\WINDOWS\SYSTEM32;C:\WINDOWS\WinSxS\amd64_microsoft.windows.common-controls_6595b64144ccf1df_6.0.22621.2506_none_270c5ae97388e100;C:\Users\shapo\.jdks\openjdk-17.0.1\bin\server;C:\Users\shapo\JetBrains\IntelliJ IDEA Community Edition 2021.2\bin;C:\Users\shapo\.openjfx\cache\11.0.1;C:\Windows\System32\DriverStore\FileRepository\iigd_dch.inf_amd64_9982160a24b56bf6;C:\Program Files\Common Files\Microsoft Shared\Ink

VM Arguments:
jvm_args: -javaagent:C:\Users\shapo\JetBrains\IntelliJ IDEA Community Edition 2021.2\lib\idea_rt.jar=54994:C:\Users\shapo\JetBrains\IntelliJ IDEA Community Edition 2021.2\bin -Dfile.encoding=UTF-8 --module-path=C:\Users\shapo\.m2\repository\org\controlsfx\controlsfx\11.1.0\controlsfx-11.1.0.jar;C:\Users\shapo\.m2\repository\org\kordamp\ikonli\ikonli-core\12.2.0\ikonli-core-12.2.0.jar;C:\Users\shapo\.m2\repository\org\openjfx\javafx-web\11.0.2\javafx-web-11.0.2-win.jar;C:\Users\shapo\.m2\repository\org\openjfx\javafx-graphics\11.0.2\javafx-graphics-11.0.2-win.jar;C:\Users\shapo\.m2\repository\net\synedra\validatorfx\0.1.13\validatorfx-0.1.13.jar;C:\Users\shapo\.m2\repository\eu\hansolo\tilesfx\11.48\tilesfx-11.48.jar;C:\Users\shapo\.m2\repository\com\dlsc\formsfx\formsfx-core\11.4.2\formsfx-core-11.4.2.jar;C:\Users\shapo\.m2\repository\org\openjfx\javafx-base\11.0.1\javafx-base-11.0.1-win.jar;C:\Users\shapo\Desktop\repos\diploma\target\classes;C:\Users\shapo\.m2\repository\org\openjfx\javafx-controls\11.0.2\javafx-controls-11.0.2-win.jar;C:\Users\shapo\.m2\repository\org\openjfx\javafx-fxml\11.0.2\javafx-fxml-11.0.2-win.jar;C:\Users\shapo\.m2\repository\org\openjfx\javafx-media\11.0.2\javafx-media-11.0.2-win.jar;C:\Users\shapo\.m2\repository\org\kordamp\bootstrapfx\bootstrapfx-core\0.4.0\bootstrapfx-core-0.4.0.jar;C:\Users\shapo\.m2\repository\org\kordamp\ikonli\ikonli-javafx\12.2.0\ikonli-javafx-12.2.0.jar -Djdk.module.main=com.example.diploma 
java_command: com.example.diploma/com.example.diploma.controllers.Main
java_class_path (initial): C:\Users\shapo\.m2\repository\org\openjfx\javafx-controls\11.0.2\javafx-controls-11.0.2.jar;C:\Users\shapo\.m2\repository\org\openjfx\javafx-graphics\11.0.2\javafx-graphics-11.0.2.jar;C:\Users\shapo\.m2\repository\org\openjfx\javafx-fxml\11.0.2\javafx-fxml-11.0.2.jar;C:\Users\shapo\.m2\repository\org\openjfx\javafx-web\11.0.2\javafx-web-11.0.2.jar;C:\Users\shapo\.m2\repository\org\openjfx\javafx-media\11.0.2\javafx-media-11.0.2.jar;C:\Users\shapo\.m2\repository\org\openjfx\javafx-base\11.0.1\javafx-base-11.0.1.jar;C:\Users\shapo\Desktop\mysql-connector-j-8.3.0\mysql-connector-j-8.3.0.jar
Launcher Type: SUN_STANDARD

[Global flags]
     intx CICompilerCount                          = 4                                         {product} {ergonomic}
     uint ConcGCThreads                            = 2                                         {product} {ergonomic}
     uint G1ConcRefinementThreads                  = 8                                         {product} {ergonomic}
   size_t G1HeapRegionSize                         = 2097152                                   {product} {ergonomic}
    uintx GCDrainStackTargetSize                   = 64                                        {product} {ergonomic}
   size_t InitialHeapSize                          = 264241152                                 {product} {ergonomic}
   size_t MarkStackSize                            = 4194304                                   {product} {ergonomic}
   size_t MaxHeapSize                              = 4200595456                                {product} {ergonomic}
   size_t MaxNewSize                               = 2518679552                                {product} {ergonomic}
   size_t MinHeapDeltaBytes                        = 2097152                                   {product} {ergonomic}
   size_t MinHeapSize                              = 8388608                                   {product} {ergonomic}
    uintx NonNMethodCodeHeapSize                   = 5839372                                {pd product} {ergonomic}
    uintx NonProfiledCodeHeapSize                  = 122909434                              {pd product} {ergonomic}
    uintx ProfiledCodeHeapSize                     = 122909434                              {pd product} {ergonomic}
    uintx ReservedCodeCacheSize                    = 251658240                              {pd product} {ergonomic}
     bool SegmentedCodeCache                       = true                                      {product} {ergonomic}
   size_t SoftMaxHeapSize                          = 4200595456                             {manageable} {ergonomic}
     bool UseCompressedClassPointers               = true                           {product lp64_product} {ergonomic}
     bool UseCompressedOops                        = true                           {product lp64_product} {ergonomic}
     bool UseG1GC                                  = true                                      {product} {ergonomic}
     bool UseLargePagesIndividualAllocation        = false                                  {pd product} {ergonomic}

Logging:
Log output configuration:
 #0: stdout all=off uptime,level,tags
 #1: stderr all=off uptime,level,tags

Environment Variables:
JAVA_HOME=C:\Program Files\Java\jdk-17
PATH=C:\Program Files\Common Files\Oracle\Java\javapath;C:\Program Files\Microsoft MPI\Bin\;C:\WINDOWS\system32;C:\WINDOWS;C:\WINDOWS\System32\Wbem;C:\WINDOWS\System32\WindowsPowerShell\v1.0\;C:\WINDOWS\System32\OpenSSH\;C:\Program Files\dotnet;C:\Program Files\dotnet\;C:\Program Files\nodejs\;C:\Users\shapo\Desktop\repos\MPI\myfork;C:\Program Files\CMake\bin;C:\Program Files (x86)\Microsoft SDKs\MPI\Lib\x86;C:\Program Files (x86)\Microsoft SDKs\MPI\Lib\x64;C:\Program Files (x86)\Microsoft SDKs\MPI;C:\Program Files\Git\cmd;C:\kafkaKate\apache-zookeeper-3.7.1-bin\bin;C:\Program Files\Java\jdk-17\bin;C:\Program Files\MySQL\MySQL Shell 8.0\bin\;C:\Users\shapo\AppData\Local\Programs\Python\Python311\Scripts\;C:\Users\shapo\AppData\Local\Programs\Python\Python311\;C:\Users\shapo\AppData\Local\Microsoft\WindowsApps;C:\Users\shapo\.dotnet;C:\Program Files\JetBrains\IntelliJ IDEA Community Edition 2021.2.2\bin;;C:\Users\shapo\AppData\Local\Programs\Microsoft VS Code\bin;C:\apache-maven-3.9.4\bin;C:\Users\shapo\.dotnet\tools;C:\Users\shapo\AppData\Roaming\npm;C:\Users\shapo\AppData\Local\GitHubDesktop\bin;C:\Program Files\JetBrains\IntelliJ IDEA 2023.1.2\bin;;
USERNAME=shapo
OS=Windows_NT
PROCESSOR_IDENTIFIER=Intel64 Family 6 Model 140 Stepping 1, GenuineIntel



---------------  S Y S T E M  ---------------

OS:
 Windows 10 , 64 bit Build 22621 (10.0.22621.2506)
OS uptime: 17 days 6:25 hours
Hyper-V role detected

CPU: total 8 (initial active 8) (4 cores per cpu, 2 threads per core) family 6 model 140 stepping 1 microcode 0x66, cx8, cmov, fxsr, ht, mmx, 3dnowpref, sse, sse2, sse3, ssse3, sse4.1, sse4.2, popcnt, lzcnt, tsc, tscinvbit, avx, avx2, aes, erms, clmul, bmi1, bmi2, adx, avx512f, avx512dq, avx512cd, avx512bw, avx512vl, sha, fma, vzeroupper, avx512_vpopcntdq, avx512_vpclmulqdq, avx512_vaes, avx512_vnni, clflush, clflushopt, clwb, avx512_vbmi2, avx512_vbmi, hv

Memory: 4k page, system-wide physical 16023M (4406M free)
TotalPageFile size 22075M (AvailPageFile size 7301M)
current process WorkingSet (physical memory assigned to process): 166M, peak: 186M
current process commit charge ("private bytes"): 414M, peak: 440M

vm_info: OpenJDK 64-Bit Server VM (17.0.1+12-39) for windows-amd64 JRE (17.0.1+12-39), built on Sep 27 2021 18:39:29 by "mach5one" with MS VC++ 16.8 (VS2019)

END.
