#
# A fatal error has been detected by the Java Runtime Environment:
#
#  EXCEPTION_ACCESS_VIOLATION (0xc0000005) at pc=0x00007ff9ef9d6730, pid=22724, tid=20064
#
# JRE version: OpenJDK Runtime Environment (17.0.1+12) (build 17.0.1+12-39)
# Java VM: OpenJDK 64-Bit Server VM (17.0.1+12-39, mixed mode, sharing, tiered, compressed oops, compressed class ptrs, g1 gc, windows-amd64)
# Problematic frame:
# C  [glass.dll+0x26730]
#
# No core dump will be written. Minidumps are not enabled by default on client versions of Windows
#
# If you would like to submit a bug report, please visit:
#   https://bugreport.java.com/bugreport/crash.jsp
#

---------------  S U M M A R Y ------------

Command Line: -javaagent:C:\Users\shapo\JetBrains\IntelliJ IDEA Community Edition 2021.2\lib\idea_rt.jar=51017:C:\Users\shapo\JetBrains\IntelliJ IDEA Community Edition 2021.2\bin -Dfile.encoding=UTF-8 --module-path=C:\Users\shapo\.m2\repository\org\openjfx\javafx-base\11.0.1\javafx-base-11.0.1-win.jar;C:\Users\shapo\.m2\repository\org\openjfx\javafx-fxml\11.0.2\javafx-fxml-11.0.2-win.jar;C:\Users\shapo\.m2\repository\org\openjfx\javafx-controls\11.0.2\javafx-controls-11.0.2-win.jar;C:\Users\shapo\Desktop\repos\diploma\target\classes;C:\Users\shapo\.m2\repository\com\google\code\gson\gson\2.10.1\gson-2.10.1.jar;C:\Users\shapo\.m2\repository\org\controlsfx\controlsfx\11.1.0\controlsfx-11.1.0.jar;C:\Users\shapo\.m2\repository\org\openjfx\javafx-graphics\11.0.2\javafx-graphics-11.0.2-win.jar;C:\Users\shapo\.m2\repository\org\openjfx\javafx-media\11.0.2\javafx-media-11.0.2-win.jar;C:\Users\shapo\.m2\repository\net\synedra\validatorfx\0.1.13\validatorfx-0.1.13.jar;C:\Users\shapo\.m2\repository\org\kordamp\ikonli\ikonli-javafx\12.2.0\ikonli-javafx-12.2.0.jar;C:\Users\shapo\.m2\repository\org\kordamp\bootstrapfx\bootstrapfx-core\0.4.0\bootstrapfx-core-0.4.0.jar;C:\Users\shapo\.m2\repository\org\kordamp\ikonli\ikonli-core\12.2.0\ikonli-core-12.2.0.jar;C:\Users\shapo\.m2\repository\com\dlsc\formsfx\formsfx-core\11.4.2\formsfx-core-11.4.2.jar;C:\Users\shapo\.m2\repository\org\openjfx\javafx-web\11.0.2\javafx-web-11.0.2-win.jar;C:\Users\shapo\.m2\repository\eu\hansolo\tilesfx\11.48\tilesfx-11.48.jar -Djdk.module.main=com.example.diploma com.example.diploma/com.example.diploma.controllers.Main

Host: 11th Gen Intel(R) Core(TM) i5-1135G7 @ 2.40GHz, 8 cores, 15G,  Windows 10 , 64 bit Build 22621 (10.0.22621.2506)
Time: Thu Feb  8 20:07:56 2024 RTZ 2 (s 10 , 64 bit Build 22621 (10.0.22621.2506) elapsed time: 17.595600 seconds (0d 0h 0m 17s)

---------------  T H R E A D  ---------------

Current thread (0x000001f2a7965430):  VMThread "VM Thread" [stack: 0x000000cf06900000,0x000000cf06a00000] [id=20064]

Stack: [0x000000cf06900000,0x000000cf06a00000],  sp=0x000000cf069ff460,  free space=1021k
Native frames: (J=compiled Java code, j=interpreted, Vv=VM code, C=native code)
C  [glass.dll+0x26730]


siginfo: EXCEPTION_ACCESS_VIOLATION (0xc0000005), reading address 0x0000000000000000


Register to memory mapping:

RIP=0x00007ff9ef9d6730 glass.dll
RAX=0x0 is NULL
RBX=0x000001f2a79782f0 is a global jni handle
RCX=0x000001f2a7965430 points into unknown readable memory: 0x00007ff9926bc5c0 | c0 c5 6b 92 f9 7f 00 00
RDX=0x000000cf069ff460 points into unknown readable memory: 0x0000000000000000 | 00 00 00 00 00 00 00 00
RSP=0x000000cf069ff460 points into unknown readable memory: 0x0000000000000000 | 00 00 00 00 00 00 00 00
RBP=0x000001f2a8c965b8 points into unknown readable memory: 0x00001c1dfa7e9723 | 23 97 7e fa 1d 1c 00 00
RSI=0x000000cf069ff578 points into unknown readable memory: 0x000000cf069ff560 | 60 f5 9f 06 cf 00 00 00
RDI=0x000001f2a8c96590 points into unknown readable memory: 0x7ce9aaddfa7d68ec | ec 68 7d fa dd aa e9 7c
R8 =0x0000000000010002 is an unknown value
R9 =0x000001f2a8c96590 points into unknown readable memory: 0x7ce9aaddfa7d68ec | ec 68 7d fa dd aa e9 7c
R10=0x85f13e9656da4870 is an unknown value
R11=0x000000cf069ff400 points into unknown readable memory: 0x000001f2a8c96590 | 90 65 c9 a8 f2 01 00 00
R12=0x00007ff9ef9d3be0 glass.dll
R13=0x00007ff992862940 jvm.dll
R14=0x00001c1dfa7e9723 is an unknown value
R15=0x000001f2a8c96590 points into unknown readable memory: 0x7ce9aaddfa7d68ec | ec 68 7d fa dd aa e9 7c


Registers:
RAX=0x0000000000000000, RBX=0x000001f2a79782f0, RCX=0x000001f2a7965430, RDX=0x000000cf069ff460
RSP=0x000000cf069ff460, RBP=0x000001f2a8c965b8, RSI=0x000000cf069ff578, RDI=0x000001f2a8c96590
R8 =0x0000000000010002, R9 =0x000001f2a8c96590, R10=0x85f13e9656da4870, R11=0x000000cf069ff400
R12=0x00007ff9ef9d3be0, R13=0x00007ff992862940, R14=0x00001c1dfa7e9723, R15=0x000001f2a8c96590
RIP=0x00007ff9ef9d6730, EFLAGS=0x0000000000010202

Top of Stack: (sp=0x000000cf069ff460)
0x000000cf069ff460:   0000000000000000 00007ffa1e3237eb
0x000000cf069ff470:   000001f2a8c965a0 000000cf069ff578
0x000000cf069ff480:   fffffffffffffffe 00007ff9ef9d3be0
0x000000cf069ff490:   000001f2a8c96598 00007ffa1e363a83
0x000000cf069ff4a0:   000001f2a8c965a0 000000cf00000000
0x000000cf069ff4b0:   000001f2a8c965b8 000000cf069ff578
0x000000cf069ff4c0:   fffffffffffffffe 0000000000000000
0x000000cf069ff4d0:   0000000000000001 00007ff9ef9b0000
0x000000cf069ff4e0:   000000cf069ff568 00007ffa1e33006e
0x000000cf069ff4f0:   0000000000000000 000000cf069ff578
0x000000cf069ff500:   000000cf069ff850 0000000000000001
0x000000cf069ff510:   0000000000000001 00007ffa1e32da1d
0x000000cf069ff520:   0000000000000000 00007ff9ef9d32d9
0x000000cf069ff530:   00007ff900000001 000000cf069ff568
0x000000cf069ff540:   fffffffffffffffe 00007ffa20af6637
0x000000cf069ff550:   0000000000000000 00007ff9ef9d3a60 

Instructions: (pc=0x00007ff9ef9d6730)
0x00007ff9ef9d6630:   8b 4d 60 e8 d8 c9 ff ff 48 8b 55 68 48 8b 8d 08
0x00007ff9ef9d6640:   01 00 00 e8 a9 be ff ff 33 d2 33 c9 e8 a9 de ff
0x00007ff9ef9d6650:   ff 90 cc cc cc cc cc cc cc cc cc cc cc cc cc cc
0x00007ff9ef9d6660:   48 8d 8a 80 00 00 00 e9 14 ea fe ff 48 89 54 24
0x00007ff9ef9d6670:   10 55 48 83 ec 20 48 8b ea 48 8d 05 1d cb ff ff
0x00007ff9ef9d6680:   48 83 c4 20 5d c3 cc 40 55 48 8b ea 48 8b 01 33
0x00007ff9ef9d6690:   c9 81 38 05 00 00 c0 0f 94 c1 8b c1 5d c3 cc 40
0x00007ff9ef9d66a0:   55 48 83 ec 20 48 8b ea 8a 4d 40 48 83 c4 20 5d
0x00007ff9ef9d66b0:   e9 23 ce ff ff cc 40 55 48 83 ec 20 48 8b ea e8
0x00007ff9ef9d66c0:   3c cc ff ff 8a 4d 38 48 83 c4 20 5d e9 07 ce ff
0x00007ff9ef9d66d0:   ff cc 40 55 48 83 ec 30 48 8b ea 48 8b 01 8b 10
0x00007ff9ef9d66e0:   48 89 4c 24 28 89 54 24 20 4c 8d 0d d0 d1 ff ff
0x00007ff9ef9d66f0:   4c 8b 45 70 8b 55 68 48 8b 4d 60 e8 70 cb ff ff
0x00007ff9ef9d6700:   90 48 83 c4 30 5d c3 cc cc cc cc cc cc cc cc cc
0x00007ff9ef9d6710:   40 53 48 83 ec 30 48 c7 44 24 20 fe ff ff ff 48
0x00007ff9ef9d6720:   8b 1d ea 63 01 00 48 85 db 74 16 e8 90 86 ff ff
0x00007ff9ef9d6730:   4c 8b 00 48 8b d3 48 8b c8 41 ff 90 b0 00 00 00
0x00007ff9ef9d6740:   90 48 83 c4 30 5b c3 cc cc cc cc cc cc cc cc cc
0x00007ff9ef9d6750:   40 53 48 83 ec 20 48 8b 1d 4b 65 01 00 48 85 db
0x00007ff9ef9d6760:   74 57 b8 ff ff ff ff f0 0f c1 43 10 83 f8 01 75
0x00007ff9ef9d6770:   3d 48 85 db 74 38 48 8b 0b 48 85 c9 74 0d ff 15
0x00007ff9ef9d6780:   24 0b 00 00 48 c7 03 00 00 00 00 48 8b 4b 08 48
0x00007ff9ef9d6790:   85 c9 74 0d e8 77 c8 ff ff 48 c7 43 08 00 00 00
0x00007ff9ef9d67a0:   00 ba 18 00 00 00 48 8b cb e8 62 c8 ff ff 48 c7
0x00007ff9ef9d67b0:   05 ef 64 01 00 00 00 00 00 48 83 c4 20 5b c3 cc
0x00007ff9ef9d67c0:   40 53 48 83 ec 20 48 8b 1d bb 64 01 00 48 85 db
0x00007ff9ef9d67d0:   74 57 b8 ff ff ff ff f0 0f c1 43 10 83 f8 01 75
0x00007ff9ef9d67e0:   3d 48 85 db 74 38 48 8b 0b 48 85 c9 74 0d ff 15
0x00007ff9ef9d67f0:   b4 0a 00 00 48 c7 03 00 00 00 00 48 8b 4b 08 48
0x00007ff9ef9d6800:   85 c9 74 0d e8 07 c8 ff ff 48 c7 43 08 00 00 00
0x00007ff9ef9d6810:   00 ba 18 00 00 00 48 8b cb e8 f2 c7 ff ff 48 c7
0x00007ff9ef9d6820:   05 5f 64 01 00 00 00 00 00 48 83 c4 20 5b c3 cc 


Stack slot to memory mapping:
stack at sp + 0 slots: 0x0 is NULL
stack at sp + 1 slots: 0x00007ffa1e3237eb ucrtbase.dll
stack at sp + 2 slots: 0x000001f2a8c965a0 points into unknown readable memory: 0x00001c1dfa7e9723 | 23 97 7e fa 1d 1c 00 00
stack at sp + 3 slots: 0x000000cf069ff578 points into unknown readable memory: 0x000000cf069ff560 | 60 f5 9f 06 cf 00 00 00
stack at sp + 4 slots: 0xfffffffffffffffe is an unknown value
stack at sp + 5 slots: 0x00007ff9ef9d3be0 glass.dll
stack at sp + 6 slots: 0x000001f2a8c96598 points into unknown readable memory: 0x00001c1dfa7e9723 | 23 97 7e fa 1d 1c 00 00
stack at sp + 7 slots: 0x00007ffa1e363a83 ucrtbase.dll

VM_Operation (0x000000cf08bff180): Exit, mode: safepoint, requested by thread 0x000001f2aecb8f40


---------------  P R O C E S S  ---------------

Threads class SMR info:
_java_thread_list=0x000001f2ae326790, length=20, elements={
0x000001f284ea5c90, 0x000001f2a796b2d0, 0x000001f2a796ce90, 0x000001f2a7981240,
0x000001f2a7983c00, 0x000001f2a79845b0, 0x000001f2a79872a0, 0x000001f2a7989150,
0x000001f2a799b5e0, 0x000001f2a79555e0, 0x000001f2a8b6ac30, 0x000001f2a8b25bc0,
0x000001f2a8ddf100, 0x000001f2a8bb52d0, 0x000001f2a8bc5980, 0x000001f2a8f61ea0,
0x000001f2a8f5b350, 0x000001f2ae282400, 0x000001f2aecb9410, 0x000001f2aecb8f40
}

Java Threads: ( => current thread )
  0x000001f284ea5c90 JavaThread "main" [_thread_blocked, id=9372, stack(0x000000cf06300000,0x000000cf06400000)]
  0x000001f2a796b2d0 JavaThread "Reference Handler" daemon [_thread_blocked, id=28592, stack(0x000000cf06a00000,0x000000cf06b00000)]
  0x000001f2a796ce90 JavaThread "Finalizer" daemon [_thread_blocked, id=29164, stack(0x000000cf06b00000,0x000000cf06c00000)]
  0x000001f2a7981240 JavaThread "Attach Listener" daemon [_thread_blocked, id=25940, stack(0x000000cf06d00000,0x000000cf06e00000)]
  0x000001f2a7983c00 JavaThread "Service Thread" daemon [_thread_blocked, id=12936, stack(0x000000cf06e00000,0x000000cf06f00000)]
  0x000001f2a79845b0 JavaThread "Monitor Deflation Thread" daemon [_thread_blocked, id=13636, stack(0x000000cf06f00000,0x000000cf07000000)]
  0x000001f2a79872a0 JavaThread "C2 CompilerThread0" daemon [_thread_blocked, id=5244, stack(0x000000cf07000000,0x000000cf07100000)]
  0x000001f2a7989150 JavaThread "C1 CompilerThread0" daemon [_thread_blocked, id=25136, stack(0x000000cf07100000,0x000000cf07200000)]
  0x000001f2a799b5e0 JavaThread "Sweeper thread" daemon [_thread_blocked, id=29404, stack(0x000000cf07200000,0x000000cf07300000)]
  0x000001f2a79555e0 JavaThread "Common-Cleaner" daemon [_thread_blocked, id=6784, stack(0x000000cf07300000,0x000000cf07400000)]
  0x000001f2a8b6ac30 JavaThread "Monitor Ctrl-Break" daemon [_thread_in_native, id=25744, stack(0x000000cf07600000,0x000000cf07700000)]
  0x000001f2a8b25bc0 JavaThread "Notification Thread" daemon [_thread_blocked, id=25664, stack(0x000000cf07700000,0x000000cf07800000)]
  0x000001f2a8ddf100 JavaThread "QuantumRenderer-0" daemon [_thread_blocked, id=13356, stack(0x000000cf07900000,0x000000cf07a00000)]
  0x000001f2a8bb52d0 JavaThread "InvokeLaterDispatcher" daemon [_thread_blocked, id=9464, stack(0x000000cf07a00000,0x000000cf07b00000)]
  0x000001f2a8bc5980 JavaThread "JavaFX Application Thread" [_thread_in_native, id=22044, stack(0x000000cf07b00000,0x000000cf07c00000)]
  0x000001f2a8f61ea0 JavaThread "JavaFX-Launcher" [_thread_blocked, id=26424, stack(0x000000cf08000000,0x000000cf08100000)]
  0x000001f2a8f5b350 JavaThread "Thread-2" daemon [_thread_in_native, id=30296, stack(0x000000cf07f00000,0x000000cf08000000)]
  0x000001f2ae282400 JavaThread "Prism Font Disposer" daemon [_thread_blocked, id=18664, stack(0x000000cf08900000,0x000000cf08a00000)]
  0x000001f2aecb9410 JavaThread "Cleaner-0" daemon [_thread_blocked, id=18324, stack(0x000000cf08a00000,0x000000cf08b00000)]
  0x000001f2aecb8f40 JavaThread "SIGINT handler" daemon [_thread_blocked, id=25024, stack(0x000000cf08b00000,0x000000cf08c00000)]

Other Threads:
=>0x000001f2a7965430 VMThread "VM Thread" [stack: 0x000000cf06900000,0x000000cf06a00000] [id=20064]
  0x000001f284ef58c0 GCTaskThread "GC Thread#0" [stack: 0x000000cf06400000,0x000000cf06500000] [id=18520]
  0x000001f2a8f62370 GCTaskThread "GC Thread#1" [stack: 0x000000cf08100000,0x000000cf08200000] [id=3696]
  0x000001f2a8fb6370 GCTaskThread "GC Thread#2" [stack: 0x000000cf08200000,0x000000cf08300000] [id=5724]
  0x000001f2a8f79730 GCTaskThread "GC Thread#3" [stack: 0x000000cf08300000,0x000000cf08400000] [id=23688]
  0x000001f2a8f5c1c0 GCTaskThread "GC Thread#4" [stack: 0x000000cf08400000,0x000000cf08500000] [id=24236]
  0x000001f2a8f52b90 GCTaskThread "GC Thread#5" [stack: 0x000000cf08500000,0x000000cf08600000] [id=18648]
  0x000001f2ae4a3310 GCTaskThread "GC Thread#6" [stack: 0x000000cf07400000,0x000000cf07500000] [id=14212]
  0x000001f2adf55320 GCTaskThread "GC Thread#7" [stack: 0x000000cf07500000,0x000000cf07600000] [id=12304]
  0x000001f284f08270 ConcurrentGCThread "G1 Main Marker" terminated
  0x000001f284f08c80 ConcurrentGCThread "G1 Conc#0" [stack: 0x000000cf06600000,0x000000cf06700000] [id=12464]
  0x000001f284f60b60 ConcurrentGCThread "G1 Refine#0" terminated
  0x000001f284f61580 ConcurrentGCThread "G1 Service" terminated

Threads with active compile tasks:

VM state: at safepoint (shutting down)

VM Mutex/Monitor currently owned by a thread:  ([mutex/lock_event])
[0x000001f284ea2a80] Threads_lock - owner thread: 0x000001f2a7965430
[0x000001f284ea2ba0] Heap_lock - owner thread: 0x000001f2aecb8f40

Heap address: 0x0000000705a00000, size: 4006 MB, Compressed Oops mode: Zero based, Oop shift amount: 3

CDS archive(s) mapped at: [0x0000000800000000-0x0000000800bc0000-0x0000000800bc0000), size 12320768, SharedBaseAddress: 0x0000000800000000, ArchiveRelocationMode: 0.
Compressed class space mapped at: 0x0000000800c00000-0x0000000840c00000, reserved size: 1073741824
Narrow klass base: 0x0000000800000000, Narrow klass shift: 0, Narrow klass range: 0x100000000

GC Precious Log:
 CPUs: 8 total, 8 available
 Memory: 16023M
 Large Page Support: Disabled
 NUMA Support: Disabled
 Compressed Oops: Enabled (Zero based)
 Heap Region Size: 2M
 Heap Min Capacity: 8M
 Heap Initial Capacity: 252M
 Heap Max Capacity: 4006M
 Pre-touch: Disabled
 Parallel Workers: 8
 Concurrent Workers: 2
 Concurrent Refinement Workers: 8
 Periodic GC: Disabled

Heap:
 garbage-first heap   total 258048K, used 17650K [0x0000000705a00000, 0x0000000800000000)
  region size 2048K, 8 young (16384K), 3 survivors (6144K)
 Metaspace       used 16341K, committed 16576K, reserved 1064960K
  class space    used 2268K, committed 2368K, reserved 1048576K

Heap Regions: E=young(eden), S=young(survivor), O=old, HS=humongous(starts), HC=humongous(continues), CS=collection set, F=free, OA=open archive, CA=closed archive, TAMS=top-at-mark-start (previous, next)
|   0|0x0000000705a00000, 0x0000000705c00000, 0x0000000705c00000|100%|HS|  |TAMS 0x0000000705a00000, 0x0000000705a00000| Complete 
|   1|0x0000000705c00000, 0x0000000705d3ca00, 0x0000000705e00000| 61%| O|  |TAMS 0x0000000705c00000, 0x0000000705c00000| Untracked 
|   2|0x0000000705e00000, 0x0000000705e00000, 0x0000000706000000|  0%| F|  |TAMS 0x0000000705e00000, 0x0000000705e00000| Untracked 
|   3|0x0000000706000000, 0x0000000706000000, 0x0000000706200000|  0%| F|  |TAMS 0x0000000706000000, 0x0000000706000000| Untracked 
|   4|0x0000000706200000, 0x0000000706200000, 0x0000000706400000|  0%| F|  |TAMS 0x0000000706200000, 0x0000000706200000| Untracked 
|   5|0x0000000706400000, 0x0000000706400000, 0x0000000706600000|  0%| F|  |TAMS 0x0000000706400000, 0x0000000706400000| Untracked 
|   6|0x0000000706600000, 0x0000000706600000, 0x0000000706800000|  0%| F|  |TAMS 0x0000000706600000, 0x0000000706600000| Untracked 
|   7|0x0000000706800000, 0x0000000706800000, 0x0000000706a00000|  0%| F|  |TAMS 0x0000000706800000, 0x0000000706800000| Untracked 
|   8|0x0000000706a00000, 0x0000000706a00000, 0x0000000706c00000|  0%| F|  |TAMS 0x0000000706a00000, 0x0000000706a00000| Untracked 
|   9|0x0000000706c00000, 0x0000000706c00000, 0x0000000706e00000|  0%| F|  |TAMS 0x0000000706c00000, 0x0000000706c00000| Untracked 
|  10|0x0000000706e00000, 0x0000000706e00000, 0x0000000707000000|  0%| F|  |TAMS 0x0000000706e00000, 0x0000000706e00000| Untracked 
|  11|0x0000000707000000, 0x0000000707000000, 0x0000000707200000|  0%| F|  |TAMS 0x0000000707000000, 0x0000000707000000| Untracked 
|  12|0x0000000707200000, 0x0000000707200000, 0x0000000707400000|  0%| F|  |TAMS 0x0000000707200000, 0x0000000707200000| Untracked 
|  13|0x0000000707400000, 0x0000000707400000, 0x0000000707600000|  0%| F|  |TAMS 0x0000000707400000, 0x0000000707400000| Untracked 
|  14|0x0000000707600000, 0x0000000707600000, 0x0000000707800000|  0%| F|  |TAMS 0x0000000707600000, 0x0000000707600000| Untracked 
|  15|0x0000000707800000, 0x0000000707800000, 0x0000000707a00000|  0%| F|  |TAMS 0x0000000707800000, 0x0000000707800000| Untracked 
|  16|0x0000000707a00000, 0x0000000707a00000, 0x0000000707c00000|  0%| F|  |TAMS 0x0000000707a00000, 0x0000000707a00000| Untracked 
|  17|0x0000000707c00000, 0x0000000707c00000, 0x0000000707e00000|  0%| F|  |TAMS 0x0000000707c00000, 0x0000000707c00000| Untracked 
|  18|0x0000000707e00000, 0x0000000707e00000, 0x0000000708000000|  0%| F|  |TAMS 0x0000000707e00000, 0x0000000707e00000| Untracked 
|  19|0x0000000708000000, 0x0000000708000000, 0x0000000708200000|  0%| F|  |TAMS 0x0000000708000000, 0x0000000708000000| Untracked 
|  20|0x0000000708200000, 0x0000000708200000, 0x0000000708400000|  0%| F|  |TAMS 0x0000000708200000, 0x0000000708200000| Untracked 
|  21|0x0000000708400000, 0x0000000708400000, 0x0000000708600000|  0%| F|  |TAMS 0x0000000708400000, 0x0000000708400000| Untracked 
|  22|0x0000000708600000, 0x0000000708600000, 0x0000000708800000|  0%| F|  |TAMS 0x0000000708600000, 0x0000000708600000| Untracked 
|  23|0x0000000708800000, 0x0000000708800000, 0x0000000708a00000|  0%| F|  |TAMS 0x0000000708800000, 0x0000000708800000| Untracked 
|  24|0x0000000708a00000, 0x0000000708a00000, 0x0000000708c00000|  0%| F|  |TAMS 0x0000000708a00000, 0x0000000708a00000| Untracked 
|  25|0x0000000708c00000, 0x0000000708c00000, 0x0000000708e00000|  0%| F|  |TAMS 0x0000000708c00000, 0x0000000708c00000| Untracked 
|  26|0x0000000708e00000, 0x0000000708e00000, 0x0000000709000000|  0%| F|  |TAMS 0x0000000708e00000, 0x0000000708e00000| Untracked 
|  27|0x0000000709000000, 0x0000000709000000, 0x0000000709200000|  0%| F|  |TAMS 0x0000000709000000, 0x0000000709000000| Untracked 
|  28|0x0000000709200000, 0x0000000709200000, 0x0000000709400000|  0%| F|  |TAMS 0x0000000709200000, 0x0000000709200000| Untracked 
|  29|0x0000000709400000, 0x0000000709400000, 0x0000000709600000|  0%| F|  |TAMS 0x0000000709400000, 0x0000000709400000| Untracked 
|  30|0x0000000709600000, 0x0000000709600000, 0x0000000709800000|  0%| F|  |TAMS 0x0000000709600000, 0x0000000709600000| Untracked 
|  31|0x0000000709800000, 0x0000000709800000, 0x0000000709a00000|  0%| F|  |TAMS 0x0000000709800000, 0x0000000709800000| Untracked 
|  32|0x0000000709a00000, 0x0000000709a00000, 0x0000000709c00000|  0%| F|  |TAMS 0x0000000709a00000, 0x0000000709a00000| Untracked 
|  33|0x0000000709c00000, 0x0000000709c00000, 0x0000000709e00000|  0%| F|  |TAMS 0x0000000709c00000, 0x0000000709c00000| Untracked 
|  34|0x0000000709e00000, 0x0000000709e00000, 0x000000070a000000|  0%| F|  |TAMS 0x0000000709e00000, 0x0000000709e00000| Untracked 
|  35|0x000000070a000000, 0x000000070a000000, 0x000000070a200000|  0%| F|  |TAMS 0x000000070a000000, 0x000000070a000000| Untracked 
|  36|0x000000070a200000, 0x000000070a200000, 0x000000070a400000|  0%| F|  |TAMS 0x000000070a200000, 0x000000070a200000| Untracked 
|  37|0x000000070a400000, 0x000000070a400000, 0x000000070a600000|  0%| F|  |TAMS 0x000000070a400000, 0x000000070a400000| Untracked 
|  38|0x000000070a600000, 0x000000070a600000, 0x000000070a800000|  0%| F|  |TAMS 0x000000070a600000, 0x000000070a600000| Untracked 
|  39|0x000000070a800000, 0x000000070a800000, 0x000000070aa00000|  0%| F|  |TAMS 0x000000070a800000, 0x000000070a800000| Untracked 
|  40|0x000000070aa00000, 0x000000070aa00000, 0x000000070ac00000|  0%| F|  |TAMS 0x000000070aa00000, 0x000000070aa00000| Untracked 
|  41|0x000000070ac00000, 0x000000070ac00000, 0x000000070ae00000|  0%| F|  |TAMS 0x000000070ac00000, 0x000000070ac00000| Untracked 
|  42|0x000000070ae00000, 0x000000070ae00000, 0x000000070b000000|  0%| F|  |TAMS 0x000000070ae00000, 0x000000070ae00000| Untracked 
|  43|0x000000070b000000, 0x000000070b000000, 0x000000070b200000|  0%| F|  |TAMS 0x000000070b000000, 0x000000070b000000| Untracked 
|  44|0x000000070b200000, 0x000000070b200000, 0x000000070b400000|  0%| F|  |TAMS 0x000000070b200000, 0x000000070b200000| Untracked 
|  45|0x000000070b400000, 0x000000070b400000, 0x000000070b600000|  0%| F|  |TAMS 0x000000070b400000, 0x000000070b400000| Untracked 
|  46|0x000000070b600000, 0x000000070b600000, 0x000000070b800000|  0%| F|  |TAMS 0x000000070b600000, 0x000000070b600000| Untracked 
|  47|0x000000070b800000, 0x000000070b800000, 0x000000070ba00000|  0%| F|  |TAMS 0x000000070b800000, 0x000000070b800000| Untracked 
|  48|0x000000070ba00000, 0x000000070ba00000, 0x000000070bc00000|  0%| F|  |TAMS 0x000000070ba00000, 0x000000070ba00000| Untracked 
|  49|0x000000070bc00000, 0x000000070bc00000, 0x000000070be00000|  0%| F|  |TAMS 0x000000070bc00000, 0x000000070bc00000| Untracked 
|  50|0x000000070be00000, 0x000000070be00000, 0x000000070c000000|  0%| F|  |TAMS 0x000000070be00000, 0x000000070be00000| Untracked 
|  51|0x000000070c000000, 0x000000070c000000, 0x000000070c200000|  0%| F|  |TAMS 0x000000070c000000, 0x000000070c000000| Untracked 
|  52|0x000000070c200000, 0x000000070c200000, 0x000000070c400000|  0%| F|  |TAMS 0x000000070c200000, 0x000000070c200000| Untracked 
|  53|0x000000070c400000, 0x000000070c400000, 0x000000070c600000|  0%| F|  |TAMS 0x000000070c400000, 0x000000070c400000| Untracked 
|  54|0x000000070c600000, 0x000000070c600000, 0x000000070c800000|  0%| F|  |TAMS 0x000000070c600000, 0x000000070c600000| Untracked 
|  55|0x000000070c800000, 0x000000070c800000, 0x000000070ca00000|  0%| F|  |TAMS 0x000000070c800000, 0x000000070c800000| Untracked 
|  56|0x000000070ca00000, 0x000000070ca00000, 0x000000070cc00000|  0%| F|  |TAMS 0x000000070ca00000, 0x000000070ca00000| Untracked 
|  57|0x000000070cc00000, 0x000000070cc00000, 0x000000070ce00000|  0%| F|  |TAMS 0x000000070cc00000, 0x000000070cc00000| Untracked 
|  58|0x000000070ce00000, 0x000000070ce00000, 0x000000070d000000|  0%| F|  |TAMS 0x000000070ce00000, 0x000000070ce00000| Untracked 
|  59|0x000000070d000000, 0x000000070d000000, 0x000000070d200000|  0%| F|  |TAMS 0x000000070d000000, 0x000000070d000000| Untracked 
|  60|0x000000070d200000, 0x000000070d200000, 0x000000070d400000|  0%| F|  |TAMS 0x000000070d200000, 0x000000070d200000| Untracked 
|  61|0x000000070d400000, 0x000000070d400000, 0x000000070d600000|  0%| F|  |TAMS 0x000000070d400000, 0x000000070d400000| Untracked 
|  62|0x000000070d600000, 0x000000070d600000, 0x000000070d800000|  0%| F|  |TAMS 0x000000070d600000, 0x000000070d600000| Untracked 
|  63|0x000000070d800000, 0x000000070d800000, 0x000000070da00000|  0%| F|  |TAMS 0x000000070d800000, 0x000000070d800000| Untracked 
|  64|0x000000070da00000, 0x000000070da00000, 0x000000070dc00000|  0%| F|  |TAMS 0x000000070da00000, 0x000000070da00000| Untracked 
|  65|0x000000070dc00000, 0x000000070dc00000, 0x000000070de00000|  0%| F|  |TAMS 0x000000070dc00000, 0x000000070dc00000| Untracked 
|  66|0x000000070de00000, 0x000000070de00000, 0x000000070e000000|  0%| F|  |TAMS 0x000000070de00000, 0x000000070de00000| Untracked 
|  67|0x000000070e000000, 0x000000070e000000, 0x000000070e200000|  0%| F|  |TAMS 0x000000070e000000, 0x000000070e000000| Untracked 
|  68|0x000000070e200000, 0x000000070e200000, 0x000000070e400000|  0%| F|  |TAMS 0x000000070e200000, 0x000000070e200000| Untracked 
|  69|0x000000070e400000, 0x000000070e400000, 0x000000070e600000|  0%| F|  |TAMS 0x000000070e400000, 0x000000070e400000| Untracked 
|  70|0x000000070e600000, 0x000000070e600000, 0x000000070e800000|  0%| F|  |TAMS 0x000000070e600000, 0x000000070e600000| Untracked 
|  71|0x000000070e800000, 0x000000070e800000, 0x000000070ea00000|  0%| F|  |TAMS 0x000000070e800000, 0x000000070e800000| Untracked 
|  72|0x000000070ea00000, 0x000000070ea00000, 0x000000070ec00000|  0%| F|  |TAMS 0x000000070ea00000, 0x000000070ea00000| Untracked 
|  73|0x000000070ec00000, 0x000000070ec00000, 0x000000070ee00000|  0%| F|  |TAMS 0x000000070ec00000, 0x000000070ec00000| Untracked 
|  74|0x000000070ee00000, 0x000000070ee00000, 0x000000070f000000|  0%| F|  |TAMS 0x000000070ee00000, 0x000000070ee00000| Untracked 
|  75|0x000000070f000000, 0x000000070f000000, 0x000000070f200000|  0%| F|  |TAMS 0x000000070f000000, 0x000000070f000000| Untracked 
|  76|0x000000070f200000, 0x000000070f200000, 0x000000070f400000|  0%| F|  |TAMS 0x000000070f200000, 0x000000070f200000| Untracked 
|  77|0x000000070f400000, 0x000000070f400000, 0x000000070f600000|  0%| F|  |TAMS 0x000000070f400000, 0x000000070f400000| Untracked 
|  78|0x000000070f600000, 0x000000070f600000, 0x000000070f800000|  0%| F|  |TAMS 0x000000070f600000, 0x000000070f600000| Untracked 
|  79|0x000000070f800000, 0x000000070f800000, 0x000000070fa00000|  0%| F|  |TAMS 0x000000070f800000, 0x000000070f800000| Untracked 
|  80|0x000000070fa00000, 0x000000070fa00000, 0x000000070fc00000|  0%| F|  |TAMS 0x000000070fa00000, 0x000000070fa00000| Untracked 
|  81|0x000000070fc00000, 0x000000070fc00000, 0x000000070fe00000|  0%| F|  |TAMS 0x000000070fc00000, 0x000000070fc00000| Untracked 
|  82|0x000000070fe00000, 0x000000070fe00000, 0x0000000710000000|  0%| F|  |TAMS 0x000000070fe00000, 0x000000070fe00000| Untracked 
|  83|0x0000000710000000, 0x0000000710000000, 0x0000000710200000|  0%| F|  |TAMS 0x0000000710000000, 0x0000000710000000| Untracked 
|  84|0x0000000710200000, 0x0000000710200000, 0x0000000710400000|  0%| F|  |TAMS 0x0000000710200000, 0x0000000710200000| Untracked 
|  85|0x0000000710400000, 0x0000000710400000, 0x0000000710600000|  0%| F|  |TAMS 0x0000000710400000, 0x0000000710400000| Untracked 
|  86|0x0000000710600000, 0x0000000710600000, 0x0000000710800000|  0%| F|  |TAMS 0x0000000710600000, 0x0000000710600000| Untracked 
|  87|0x0000000710800000, 0x0000000710800000, 0x0000000710a00000|  0%| F|  |TAMS 0x0000000710800000, 0x0000000710800000| Untracked 
|  88|0x0000000710a00000, 0x0000000710a00000, 0x0000000710c00000|  0%| F|  |TAMS 0x0000000710a00000, 0x0000000710a00000| Untracked 
|  89|0x0000000710c00000, 0x0000000710c00000, 0x0000000710e00000|  0%| F|  |TAMS 0x0000000710c00000, 0x0000000710c00000| Untracked 
|  90|0x0000000710e00000, 0x0000000710e00000, 0x0000000711000000|  0%| F|  |TAMS 0x0000000710e00000, 0x0000000710e00000| Untracked 
|  91|0x0000000711000000, 0x0000000711000000, 0x0000000711200000|  0%| F|  |TAMS 0x0000000711000000, 0x0000000711000000| Untracked 
|  92|0x0000000711200000, 0x0000000711200000, 0x0000000711400000|  0%| F|  |TAMS 0x0000000711200000, 0x0000000711200000| Untracked 
|  93|0x0000000711400000, 0x0000000711400000, 0x0000000711600000|  0%| F|  |TAMS 0x0000000711400000, 0x0000000711400000| Untracked 
|  94|0x0000000711600000, 0x0000000711600000, 0x0000000711800000|  0%| F|  |TAMS 0x0000000711600000, 0x0000000711600000| Untracked 
|  95|0x0000000711800000, 0x0000000711800000, 0x0000000711a00000|  0%| F|  |TAMS 0x0000000711800000, 0x0000000711800000| Untracked 
|  96|0x0000000711a00000, 0x0000000711a00000, 0x0000000711c00000|  0%| F|  |TAMS 0x0000000711a00000, 0x0000000711a00000| Untracked 
|  97|0x0000000711c00000, 0x0000000711c00000, 0x0000000711e00000|  0%| F|  |TAMS 0x0000000711c00000, 0x0000000711c00000| Untracked 
|  98|0x0000000711e00000, 0x0000000711e00000, 0x0000000712000000|  0%| F|  |TAMS 0x0000000711e00000, 0x0000000711e00000| Untracked 
|  99|0x0000000712000000, 0x0000000712000000, 0x0000000712200000|  0%| F|  |TAMS 0x0000000712000000, 0x0000000712000000| Untracked 
| 100|0x0000000712200000, 0x0000000712200000, 0x0000000712400000|  0%| F|  |TAMS 0x0000000712200000, 0x0000000712200000| Untracked 
| 101|0x0000000712400000, 0x0000000712400000, 0x0000000712600000|  0%| F|  |TAMS 0x0000000712400000, 0x0000000712400000| Untracked 
| 102|0x0000000712600000, 0x0000000712600000, 0x0000000712800000|  0%| F|  |TAMS 0x0000000712600000, 0x0000000712600000| Untracked 
| 103|0x0000000712800000, 0x0000000712a00000, 0x0000000712a00000|100%| S|CS|TAMS 0x0000000712800000, 0x0000000712800000| Complete 
| 104|0x0000000712a00000, 0x0000000712c00000, 0x0000000712c00000|100%| S|CS|TAMS 0x0000000712a00000, 0x0000000712a00000| Complete 
| 105|0x0000000712c00000, 0x0000000712e00000, 0x0000000712e00000|100%| S|CS|TAMS 0x0000000712c00000, 0x0000000712c00000| Complete 
| 106|0x0000000712e00000, 0x0000000712e00000, 0x0000000713000000|  0%| F|  |TAMS 0x0000000712e00000, 0x0000000712e00000| Untracked 
| 107|0x0000000713000000, 0x0000000713000000, 0x0000000713200000|  0%| F|  |TAMS 0x0000000713000000, 0x0000000713000000| Untracked 
| 108|0x0000000713200000, 0x0000000713200000, 0x0000000713400000|  0%| F|  |TAMS 0x0000000713200000, 0x0000000713200000| Untracked 
| 109|0x0000000713400000, 0x0000000713400000, 0x0000000713600000|  0%| F|  |TAMS 0x0000000713400000, 0x0000000713400000| Untracked 
| 110|0x0000000713600000, 0x0000000713600000, 0x0000000713800000|  0%| F|  |TAMS 0x0000000713600000, 0x0000000713600000| Untracked 
| 111|0x0000000713800000, 0x0000000713800000, 0x0000000713a00000|  0%| F|  |TAMS 0x0000000713800000, 0x0000000713800000| Untracked 
| 112|0x0000000713a00000, 0x0000000713a00000, 0x0000000713c00000|  0%| F|  |TAMS 0x0000000713a00000, 0x0000000713a00000| Untracked 
| 113|0x0000000713c00000, 0x0000000713c00000, 0x0000000713e00000|  0%| F|  |TAMS 0x0000000713c00000, 0x0000000713c00000| Untracked 
| 114|0x0000000713e00000, 0x0000000713e00000, 0x0000000714000000|  0%| F|  |TAMS 0x0000000713e00000, 0x0000000713e00000| Untracked 
| 115|0x0000000714000000, 0x0000000714000000, 0x0000000714200000|  0%| F|  |TAMS 0x0000000714000000, 0x0000000714000000| Untracked 
| 116|0x0000000714200000, 0x0000000714200000, 0x0000000714400000|  0%| F|  |TAMS 0x0000000714200000, 0x0000000714200000| Untracked 
| 117|0x0000000714400000, 0x0000000714400000, 0x0000000714600000|  0%| F|  |TAMS 0x0000000714400000, 0x0000000714400000| Untracked 
| 118|0x0000000714600000, 0x0000000714600000, 0x0000000714800000|  0%| F|  |TAMS 0x0000000714600000, 0x0000000714600000| Untracked 
| 119|0x0000000714800000, 0x0000000714800000, 0x0000000714a00000|  0%| F|  |TAMS 0x0000000714800000, 0x0000000714800000| Untracked 
| 120|0x0000000714a00000, 0x0000000714a00000, 0x0000000714c00000|  0%| F|  |TAMS 0x0000000714a00000, 0x0000000714a00000| Untracked 
| 121|0x0000000714c00000, 0x0000000714c63810, 0x0000000714e00000| 19%| E|  |TAMS 0x0000000714c00000, 0x0000000714c00000| Complete 
| 122|0x0000000714e00000, 0x0000000715000000, 0x0000000715000000|100%| E|CS|TAMS 0x0000000714e00000, 0x0000000714e00000| Complete 
| 123|0x0000000715000000, 0x0000000715200000, 0x0000000715200000|100%| E|CS|TAMS 0x0000000715000000, 0x0000000715000000| Complete 
| 124|0x0000000715200000, 0x0000000715400000, 0x0000000715400000|100%| E|CS|TAMS 0x0000000715200000, 0x0000000715200000| Complete 
| 125|0x0000000715400000, 0x0000000715600000, 0x0000000715600000|100%| E|CS|TAMS 0x0000000715400000, 0x0000000715400000| Complete 

Card table byte_map: [0x000001f29c1a0000,0x000001f29c980000] _byte_map_base: 0x000001f298973000

Marking Bits (Prev, Next): (CMBitMap*) 0x000001f284ef7ef0, (CMBitMap*) 0x000001f284ef7f30
 Prev Bits: [0x000001f29d160000, 0x000001f2a0ff8000)
 Next Bits: [0x000001f2a1000000, 0x000001f2a4e98000)

Polling page: 0x000001f284670000

Metaspace:

Usage:
  Non-class:     13.74 MB used.
      Class:      2.22 MB used.
       Both:     15.96 MB used.

Virtual space:
  Non-class space:       16.00 MB reserved,      13.88 MB ( 87%) committed,  2 nodes.
      Class space:        1.00 GB reserved,       2.31 MB ( <1%) committed,  1 nodes.
             Both:        1.02 GB reserved,      16.19 MB (  2%) committed. 

Chunk freelists:
   Non-Class:  1.62 MB
       Class:  1.69 MB
        Both:  3.32 MB

MaxMetaspaceSize: unlimited
CompressedClassSpaceSize: 1.00 GB
Initial GC threshold: 21.00 MB
Current GC threshold: 21.00 MB
CDS: on
MetaspaceReclaimPolicy: balanced
 - commit_granule_bytes: 65536.
 - commit_granule_words: 8192.
 - virtual_space_node_default_size: 1048576.
 - enlarge_chunks_in_place: 1.
 - new_chunks_are_fully_committed: 0.
 - uncommit_free_chunks: 1.
 - use_allocation_guard: 0.
 - handle_deallocations: 1.


Internal statistics:

num_allocs_failed_limit: 0.
num_arena_births: 212.
num_arena_deaths: 0.
num_vsnodes_births: 3.
num_vsnodes_deaths: 0.
num_space_committed: 259.
num_space_uncommitted: 0.
num_chunks_returned_to_freelist: 0.
num_chunks_taken_from_freelist: 726.
num_chunk_merges: 0.
num_chunk_splits: 503.
num_chunks_enlarged: 391.
num_purges: 0.
num_inconsistent_stats: 0.

CodeHeap 'non-profiled nmethods': size=120000Kb used=1088Kb max_used=1088Kb free=118911Kb
 bounds [0x000001f294160000, 0x000001f2943d0000, 0x000001f29b690000]
CodeHeap 'profiled nmethods': size=120000Kb used=5103Kb max_used=5103Kb free=114896Kb
 bounds [0x000001f28cc30000, 0x000001f28d130000, 0x000001f294160000]
CodeHeap 'non-nmethods': size=5760Kb used=1439Kb max_used=1468Kb free=4320Kb
 bounds [0x000001f28c690000, 0x000001f28c900000, 0x000001f28cc30000]
 total_blobs=3649 nmethods=2863 adapters=697
 compilation: enabled
              stopped_count=0, restarted_count=0
 full_count=0

Compilation events (20 events):
Event: 6.872 Thread 0x000001f2a79872a0 2854       4       com.sun.javafx.collections.VetoableListDecorator::get (11 bytes)
Event: 6.874 Thread 0x000001f2a79872a0 nmethod 2854 0x000001f29426fc10 code [0x000001f29426fda0, 0x000001f29426ff18]
Event: 6.919 Thread 0x000001f2a7989150 2855       3       com.sun.javafx.scene.KeyboardShortcutsHandler::dispatchBubblingEvent (60 bytes)
Event: 6.920 Thread 0x000001f2a7989150 nmethod 2855 0x000001f28d127990 code [0x000001f28d127b80, 0x000001f28d128288]
Event: 7.016 Thread 0x000001f2a7989150 2856   !   3       javafx.scene.Node::sceneToLocal (13 bytes)
Event: 7.016 Thread 0x000001f2a7989150 nmethod 2856 0x000001f28d128410 code [0x000001f28d1285c0, 0x000001f28d128748]
Event: 7.024 Thread 0x000001f2a7989150 2857       3       com.sun.javafx.event.CompositeEventHandler::dispatchBubblingEvent (57 bytes)
Event: 7.024 Thread 0x000001f2a7989150 nmethod 2857 0x000001f28d128810 code [0x000001f28d1289e0, 0x000001f28d128e98]
Event: 7.048 Thread 0x000001f2a7989150 2858       3       javafx.scene.Node::sceneToLocal (17 bytes)
Event: 7.048 Thread 0x000001f2a7989150 nmethod 2858 0x000001f28d129090 code [0x000001f28d129240, 0x000001f28d129468]
Event: 7.104 Thread 0x000001f2a7989150 2859       3       com.sun.javafx.css.PseudoClassState::contains (6 bytes)
Event: 7.104 Thread 0x000001f2a7989150 nmethod 2859 0x000001f28d129590 code [0x000001f28d129720, 0x000001f28d129868]
Event: 7.104 Thread 0x000001f2a7989150 2860       3       com.sun.javafx.css.BitSet::contains (63 bytes)
Event: 7.105 Thread 0x000001f2a7989150 nmethod 2860 0x000001f28d129910 code [0x000001f28d129ae0, 0x000001f28d129fe8]
Event: 7.623 Thread 0x000001f2a7989150 2861       3       com.sun.javafx.scene.input.PickResultChooser::processOffer (146 bytes)
Event: 7.624 Thread 0x000001f2a7989150 nmethod 2861 0x000001f28d12a190 code [0x000001f28d12a3e0, 0x000001f28d12b108]
Event: 7.736 Thread 0x000001f2a7989150 2862       3       javafx.scene.control.SkinBase$$Lambda$247/0x0000000800d9b5e8::handle (8 bytes)
Event: 7.736 Thread 0x000001f2a7989150 nmethod 2862 0x000001f28d12b510 code [0x000001f28d12b6c0, 0x000001f28d12ba18]
Event: 7.736 Thread 0x000001f2a7989150 2863       3       javafx.scene.control.SkinBase::lambda$static$0 (5 bytes)
Event: 7.736 Thread 0x000001f2a7989150 nmethod 2863 0x000001f28d12bb10 code [0x000001f28d12bca0, 0x000001f28d12be78]

GC Heap History (4 events):
Event: 0.547 GC heap before
{Heap before GC invocations=0 (full 0):
 garbage-first heap   total 258048K, used 20480K [0x0000000705a00000, 0x0000000800000000)
  region size 2048K, 11 young (22528K), 0 survivors (0K)
 Metaspace       used 5068K, committed 5184K, reserved 1056768K
  class space    used 597K, committed 640K, reserved 1048576K
}
Event: 0.549 GC heap after
{Heap after GC invocations=1 (full 0):
 garbage-first heap   total 258048K, used 3022K [0x0000000705a00000, 0x0000000800000000)
  region size 2048K, 2 young (4096K), 2 survivors (4096K)
 Metaspace       used 5068K, committed 5184K, reserved 1056768K
  class space    used 597K, committed 640K, reserved 1048576K
}
Event: 2.741 GC heap before
{Heap before GC invocations=1 (full 0):
 garbage-first heap   total 258048K, used 41934K [0x0000000705a00000, 0x0000000800000000)
  region size 2048K, 20 young (40960K), 2 survivors (4096K)
 Metaspace       used 14697K, committed 14912K, reserved 1064960K
  class space    used 2112K, committed 2240K, reserved 1048576K
}
Event: 2.748 GC heap after
{Heap after GC invocations=2 (full 0):
 garbage-first heap   total 258048K, used 9458K [0x0000000705a00000, 0x0000000800000000)
  region size 2048K, 3 young (6144K), 3 survivors (6144K)
 Metaspace       used 14697K, committed 14912K, reserved 1064960K
  class space    used 2112K, committed 2240K, reserved 1048576K
}

Deoptimization events (20 events):
Event: 2.778 Thread 0x000001f2a8bc5980 DEOPT PACKING pc=0x000001f2941ae17c sp=0x000000cf07bfc7a0
Event: 2.778 Thread 0x000001f2a8bc5980 DEOPT UNPACKING pc=0x000001f28c6e5c23 sp=0x000000cf07bfc6e8 mode 2
Event: 2.778 Thread 0x000001f2a8bc5980 Uncommon trap: trap_request=0xffffff45 fr.pc=0x000001f2941ae688 relative=0x0000000000000168
Event: 2.779 Thread 0x000001f2a8bc5980 Uncommon trap: reason=unstable_if action=reinterpret pc=0x000001f2941ae688 method=java.lang.AbstractStringBuilder.putStringAt(ILjava/lang/String;II)V @ 8 c2
Event: 2.779 Thread 0x000001f2a8bc5980 DEOPT PACKING pc=0x000001f2941ae688 sp=0x000000cf07bfc890
Event: 2.779 Thread 0x000001f2a8bc5980 DEOPT UNPACKING pc=0x000001f28c6e5c23 sp=0x000000cf07bfc858 mode 2
Event: 5.488 Thread 0x000001f2a8ddf100 DEOPT PACKING pc=0x000001f28cf69db8 sp=0x000000cf079fdb90
Event: 5.488 Thread 0x000001f2a8ddf100 DEOPT UNPACKING pc=0x000001f28c6e6763 sp=0x000000cf079fcf48 mode 0
Event: 5.644 Thread 0x000001f2a8bc5980 Uncommon trap: trap_request=0xffffff45 fr.pc=0x000001f2941cf45c relative=0x000000000000043c
Event: 5.644 Thread 0x000001f2a8bc5980 Uncommon trap: reason=unstable_if action=reinterpret pc=0x000001f2941cf45c method=java.lang.StringLatin1.canEncode(I)Z @ 4 c2
Event: 5.644 Thread 0x000001f2a8bc5980 DEOPT PACKING pc=0x000001f2941cf45c sp=0x000000cf07bfaa60
Event: 5.644 Thread 0x000001f2a8bc5980 DEOPT UNPACKING pc=0x000001f28c6e5c23 sp=0x000000cf07bfa988 mode 2
Event: 6.027 Thread 0x000001f2a8ddf100 DEOPT PACKING pc=0x000001f28cff9303 sp=0x000000cf079fde10
Event: 6.027 Thread 0x000001f2a8ddf100 DEOPT UNPACKING pc=0x000001f28c6e6763 sp=0x000000cf079fd230 mode 0
Event: 6.188 Thread 0x000001f2a8ddf100 DEOPT PACKING pc=0x000001f28cf64642 sp=0x000000cf079fddd0
Event: 6.188 Thread 0x000001f2a8ddf100 DEOPT UNPACKING pc=0x000001f28c6e6763 sp=0x000000cf079fd260 mode 0
Event: 6.266 Thread 0x000001f2a8bc5980 Uncommon trap: trap_request=0xffffff45 fr.pc=0x000001f2941dbcdc relative=0x000000000000043c
Event: 6.266 Thread 0x000001f2a8bc5980 Uncommon trap: reason=unstable_if action=reinterpret pc=0x000001f2941dbcdc method=java.lang.AbstractStringBuilder.isLatin1()Z @ 10 c2
Event: 6.266 Thread 0x000001f2a8bc5980 DEOPT PACKING pc=0x000001f2941dbcdc sp=0x000000cf07bfa860
Event: 6.266 Thread 0x000001f2a8bc5980 DEOPT UNPACKING pc=0x000001f28c6e5c23 sp=0x000000cf07bfa7e0 mode 2

Classes unloaded (0 events):
No events

Classes redefined (0 events):
No events

Internal exceptions (20 events):
Event: 0.707 Thread 0x000001f2a8bc5980 Exception <a 'java/lang/NoSuchMethodError'{0x0000000714be19b0}: 'void java.lang.invoke.DirectMethodHandle$Holder.invokeStaticInit(java.lang.Object, java.lang.Object)'> (0x0000000714be19b0) 
thrown [t:\workspace\open\src\hotspot\share\interpreter\linkResolver.cpp, line 766]
Event: 0.764 Thread 0x000001f2a8bc5980 Exception <a 'sun/nio/fs/WindowsException'{0x0000000714737ae8}> (0x0000000714737ae8) 
thrown [t:\workspace\open\src\hotspot\share\prims\jni.cpp, line 516]
Event: 0.806 Thread 0x000001f2a8bc5980 Implicit null exception at 0x000001f2941caf8d to 0x000001f2941cb5d4
Event: 0.911 Thread 0x000001f2a8bc5980 Exception <a 'java/lang/ClassNotFoundException'{0x00000007141f8cd8}: com/sun/javafx/scene/control/skin/resources/controls> (0x00000007141f8cd8) 
thrown [t:\workspace\open\src\hotspot\share\prims\jni.cpp, line 535]
Event: 0.912 Thread 0x000001f2a8bc5980 Exception <a 'java/lang/ClassNotFoundException'{0x0000000713a06a20}: com/sun/javafx/scene/control/skin/resources/controls_ru> (0x0000000713a06a20) 
thrown [t:\workspace\open\src\hotspot\share\prims\jni.cpp, line 535]
Event: 0.912 Thread 0x000001f2a8bc5980 Exception <a 'java/lang/ClassNotFoundException'{0x0000000713a07a50}: com/sun/javafx/scene/control/skin/resources/controls_ru_RU> (0x0000000713a07a50) 
thrown [t:\workspace\open\src\hotspot\share\prims\jni.cpp, line 535]
Event: 0.946 Thread 0x000001f2a8bc5980 Exception <a 'java/lang/NoSuchMethodError'{0x0000000713bc7970}: 'void java.lang.invoke.DirectMethodHandle$Holder.invokeSpecial(java.lang.Object, java.lang.Object, java.lang.Object, java.lang.Object, java.lang.Object, java.lang.Object)'> (0x0000000713bc7970) 
thrown [t:\workspace\open\src\hotspot\share\interpreter\linkResolver.cpp, line 766]
Event: 0.981 Thread 0x000001f2a8bc5980 Exception <a 'java/lang/NoSuchMethodError'{0x000000071370df18}: 'java.lang.Object java.lang.invoke.DirectMethodHandle$Holder.invokeInterface(java.lang.Object, java.lang.Object, java.lang.Object)'> (0x000000071370df18) 
thrown [t:\workspace\open\src\hotspot\share\interpreter\linkResolver.cpp, line 766]
Event: 0.981 Thread 0x000001f2a8bc5980 Exception <a 'java/lang/IncompatibleClassChangeError'{0x00000007137115e0}: Found class java.lang.Object, but interface was expected> (0x00000007137115e0) 
thrown [t:\workspace\open\src\hotspot\share\interpreter\linkResolver.cpp, line 833]
Event: 1.029 Thread 0x000001f2a8bc5980 Exception <a 'java/lang/NoSuchMethodError'{0x00000007134f2378}: 'java.lang.Object java.lang.invoke.DirectMethodHandle$Holder.newInvokeSpecial(java.lang.Object, java.lang.Object, int)'> (0x00000007134f2378) 
thrown [t:\workspace\open\src\hotspot\share\interpreter\linkResolver.cpp, line 766]
Event: 1.048 Thread 0x000001f2a8ddf100 Exception <a 'java/lang/NoSuchMethodError'{0x000000071320fe88}: 'int java.lang.invoke.DirectMethodHandle$Holder.invokeStaticInit(java.lang.Object, java.lang.Object)'> (0x000000071320fe88) 
thrown [t:\workspace\open\src\hotspot\share\interpreter\linkResolver.cpp, line 766]
Event: 1.053 Thread 0x000001f2a8bc5980 Exception <a 'java/lang/NoSuchMethodError'{0x0000000713285c80}: 'long java.lang.invoke.DirectMethodHandle$Holder.invokeStatic(java.lang.Object, java.lang.Object, java.lang.Object)'> (0x0000000713285c80) 
thrown [t:\workspace\open\src\hotspot\share\interpreter\linkResolver.cpp, line 766]
Event: 1.053 Thread 0x000001f2a8bc5980 Exception <a 'java/lang/NoSuchMethodError'{0x0000000713289428}: 'long java.lang.invoke.DirectMethodHandle$Holder.invokeStaticInit(java.lang.Object, java.lang.Object, java.lang.Object)'> (0x0000000713289428) 
thrown [t:\workspace\open\src\hotspot\share\interpreter\linkResolver.cpp, line 766]
Event: 1.057 Thread 0x000001f2a8bc5980 Exception <a 'java/lang/NoSuchMethodError'{0x00000007132a1030}: 'java.lang.Object java.lang.invoke.DirectMethodHandle$Holder.newInvokeSpecial(java.lang.Object, java.lang.Object, long)'> (0x00000007132a1030) 
thrown [t:\workspace\open\src\hotspot\share\interpreter\linkResolver.cpp, line 766]
Event: 1.057 Thread 0x000001f2a8bc5980 Exception <a 'java/lang/NoSuchMethodError'{0x00000007132a4ba0}: 'java.lang.Object java.lang.invoke.Invokers$Holder.linkToTargetMethod(java.lang.Object, long, java.lang.Object)'> (0x00000007132a4ba0) 
thrown [t:\workspace\open\src\hotspot\share\interpreter\linkResolver.cpp, line 766]
Event: 2.765 Thread 0x000001f2a8bc5980 Exception <a 'sun/nio/fs/WindowsException'{0x000000071558c4f0}> (0x000000071558c4f0) 
thrown [t:\workspace\open\src\hotspot\share\prims\jni.cpp, line 516]
Event: 2.773 Thread 0x000001f2a8bc5980 Exception <a 'java/lang/ClassNotFoundException'{0x00000007155a1b08}: sun/util/logging/resources/spi/loggingProvider> (0x00000007155a1b08) 
thrown [t:\workspace\open\src\hotspot\share\classfile\systemDictionary.cpp, line 256]
Event: 4.402 Thread 0x000001f2a8bc5980 Exception <a 'java/lang/NoSuchMethodError'{0x000000071515d150}: 'java.lang.Object java.lang.invoke.DirectMethodHandle$Holder.newInvokeSpecial(java.lang.Object, java.lang.Object, int, int, int, int, int, java.lang.Object)'> (0x000000071515d150) 
thrown [t:\workspace\open\src\hotspot\share\interpreter\linkResolver.cpp, line 766]
Event: 4.403 Thread 0x000001f2a8bc5980 Exception <a 'java/lang/NoSuchMethodError'{0x0000000715170680}: 'java.lang.Object java.lang.invoke.DirectMethodHandle$Holder.newInvokeSpecial(java.lang.Object, java.lang.Object, java.lang.Object, int, int, int, int, int)'> (0x0000000715170680) 
thrown [t:\workspace\open\src\hotspot\share\interpreter\linkResolver.cpp, line 766]
Event: 4.403 Thread 0x000001f2a8bc5980 Exception <a 'java/lang/NoSuchMethodError'{0x0000000715178430}: 'java.lang.Object java.lang.invoke.Invokers$Holder.linkToTargetMethod(java.lang.Object, java.lang.Object, int, int, int, int, int, java.lang.Object)'> (0x0000000715178430) 
thrown [t:\workspace\open\src\hotspot\share\interpreter\linkResolver.cpp, line 766]

VM Operations (20 events):
Event: 0.509 Executing VM operation: ICBufferFull done
Event: 0.547 Executing VM operation: G1CollectForAllocation
Event: 0.549 Executing VM operation: G1CollectForAllocation done
Event: 0.653 Executing VM operation: HandshakeAllThreads
Event: 0.653 Executing VM operation: HandshakeAllThreads done
Event: 0.943 Executing VM operation: ICBufferFull
Event: 0.943 Executing VM operation: ICBufferFull done
Event: 1.019 Executing VM operation: HandshakeAllThreads
Event: 1.019 Executing VM operation: HandshakeAllThreads done
Event: 2.019 Executing VM operation: Cleanup
Event: 2.020 Executing VM operation: Cleanup done
Event: 2.741 Executing VM operation: G1CollectForAllocation
Event: 2.748 Executing VM operation: G1CollectForAllocation done
Event: 4.375 Executing VM operation: ICBufferFull
Event: 4.376 Executing VM operation: ICBufferFull done
Event: 5.376 Executing VM operation: Cleanup
Event: 5.377 Executing VM operation: Cleanup done
Event: 7.377 Executing VM operation: Cleanup
Event: 7.377 Executing VM operation: Cleanup done
Event: 17.251 Executing VM operation: Exit

Events (20 events):
Event: 6.257 loading class sun/nio/ch/NioSocketImpl$2
Event: 6.257 loading class sun/nio/ch/NioSocketImpl$2 done
Event: 6.264 loading class java/lang/reflect/WildcardType
Event: 6.264 loading class java/lang/reflect/WildcardType done
Event: 6.284 loading class java/lang/AnchorPane
Event: 6.284 loading class java/lang/AnchorPane done
Event: 6.285 loading class java/lang/TextField
Event: 6.285 loading class java/lang/TextField done
Event: 6.286 loading class java/lang/PasswordField
Event: 6.286 loading class java/lang/PasswordField done
Event: 6.290 Thread 0x000001f2ae46ec50 Thread added: 0x000001f2ae46ec50
Event: 6.719 Thread 0x000001f2ae46ec50 Thread exited: 0x000001f2ae46ec50
Event: 17.249 loading class jdk/internal/misc/Signal$1
Event: 17.249 loading class jdk/internal/misc/Signal$1 done
Event: 17.250 Thread 0x000001f2aecb8f40 Thread added: 0x000001f2aecb8f40
Event: 17.250 Thread 0x000001f2aecb85a0 Thread added: 0x000001f2aecb85a0
Event: 17.250 Thread 0x000001f2aecb98e0 Thread added: 0x000001f2aecb98e0
Event: 17.251 Thread 0x000001f2aecb98e0 Thread exited: 0x000001f2aecb98e0
Event: 17.251 Thread 0x000001f2aecb85a0 Thread exited: 0x000001f2aecb85a0
Event: 17.251 Thread 0x000001f2a7980690 Thread exited: 0x000001f2a7980690


Dynamic libraries:
0x00007ff6641f0000 - 0x00007ff6641fe000 	C:\Users\shapo\.jdks\openjdk-17.0.1\bin\java.exe
0x00007ffa20ad0000 - 0x00007ffa20ce7000 	C:\WINDOWS\SYSTEM32\ntdll.dll
0x00007ffa1fe90000 - 0x00007ffa1ff54000 	C:\WINDOWS\System32\KERNEL32.DLL
0x00007ffa1de40000 - 0x00007ffa1e1e6000 	C:\WINDOWS\System32\KERNELBASE.dll
0x00007ffa1e310000 - 0x00007ffa1e421000 	C:\WINDOWS\System32\ucrtbase.dll
0x00007ffa03e70000 - 0x00007ffa03e88000 	C:\Users\shapo\.jdks\openjdk-17.0.1\bin\jli.dll
0x00007ffa04e50000 - 0x00007ffa04e6a000 	C:\Users\shapo\.jdks\openjdk-17.0.1\bin\VCRUNTIME140.dll
0x00007ffa1e980000 - 0x00007ffa1eb2e000 	C:\WINDOWS\System32\USER32.dll
0x00007ffa1de10000 - 0x00007ffa1de36000 	C:\WINDOWS\System32\win32u.dll
0x00007ffa1ff60000 - 0x00007ffa1ff89000 	C:\WINDOWS\System32\GDI32.dll
0x00007ffa01c50000 - 0x00007ffa01ee3000 	C:\WINDOWS\WinSxS\amd64_microsoft.windows.common-controls_6595b64144ccf1df_6.0.22621.2506_none_270c5ae97388e100\COMCTL32.dll
0x00007ffa1e1f0000 - 0x00007ffa1e308000 	C:\WINDOWS\System32\gdi32full.dll
0x00007ffa20020000 - 0x00007ffa200c7000 	C:\WINDOWS\System32\msvcrt.dll
0x00007ffa1e4b0000 - 0x00007ffa1e54a000 	C:\WINDOWS\System32\msvcp_win.dll
0x00007ffa1eba0000 - 0x00007ffa1ebd1000 	C:\WINDOWS\System32\IMM32.DLL
0x00007ffa0c230000 - 0x00007ffa0c23c000 	C:\Users\shapo\.jdks\openjdk-17.0.1\bin\vcruntime140_1.dll
0x00007ff9f3cf0000 - 0x00007ff9f3d7d000 	C:\Users\shapo\.jdks\openjdk-17.0.1\bin\msvcp140.dll
0x00007ff991d40000 - 0x00007ff9928fe000 	C:\Users\shapo\.jdks\openjdk-17.0.1\bin\server\jvm.dll
0x00007ffa209b0000 - 0x00007ffa20a63000 	C:\WINDOWS\System32\ADVAPI32.dll
0x00007ffa200d0000 - 0x00007ffa20178000 	C:\WINDOWS\System32\sechost.dll
0x00007ffa1e550000 - 0x00007ffa1e578000 	C:\WINDOWS\System32\bcrypt.dll
0x00007ffa202e0000 - 0x00007ffa203f7000 	C:\WINDOWS\System32\RPCRT4.dll
0x00007ffa20400000 - 0x00007ffa20408000 	C:\WINDOWS\System32\PSAPI.DLL
0x00007ff9f7bb0000 - 0x00007ff9f7bb9000 	C:\WINDOWS\SYSTEM32\WSOCK32.dll
0x00007ffa0b990000 - 0x00007ffa0b99a000 	C:\WINDOWS\SYSTEM32\VERSION.dll
0x00007ffa12180000 - 0x00007ffa121b4000 	C:\WINDOWS\SYSTEM32\WINMM.dll
0x00007ffa1e900000 - 0x00007ffa1e971000 	C:\WINDOWS\System32\WS2_32.dll
0x00007ffa1ce00000 - 0x00007ffa1ce18000 	C:\WINDOWS\SYSTEM32\kernel.appcore.dll
0x00007ffa0bc10000 - 0x00007ffa0bc1a000 	C:\Users\shapo\.jdks\openjdk-17.0.1\bin\jimage.dll
0x00007ffa1b670000 - 0x00007ffa1b8a3000 	C:\WINDOWS\SYSTEM32\DBGHELP.DLL
0x00007ffa20410000 - 0x00007ffa20799000 	C:\WINDOWS\System32\combase.dll
0x00007ffa1e820000 - 0x00007ffa1e8f7000 	C:\WINDOWS\System32\OLEAUT32.dll
0x00007ff9fb230000 - 0x00007ff9fb262000 	C:\WINDOWS\SYSTEM32\dbgcore.DLL
0x00007ffa1e430000 - 0x00007ffa1e4aa000 	C:\WINDOWS\System32\bcryptPrimitives.dll
0x00007ffa07dc0000 - 0x00007ffa07dce000 	C:\Users\shapo\.jdks\openjdk-17.0.1\bin\instrument.dll
0x00007ffa03e40000 - 0x00007ffa03e65000 	C:\Users\shapo\.jdks\openjdk-17.0.1\bin\java.dll
0x00007ff9e22f0000 - 0x00007ff9e23c6000 	C:\Users\shapo\.jdks\openjdk-17.0.1\bin\svml.dll
0x00007ffa1f0f0000 - 0x00007ffa1f94a000 	C:\WINDOWS\System32\SHELL32.dll
0x00007ffa1bd10000 - 0x00007ffa1c606000 	C:\WINDOWS\SYSTEM32\windows.storage.dll
0x00007ffa1bbd0000 - 0x00007ffa1bd0e000 	C:\WINDOWS\SYSTEM32\wintypes.dll
0x00007ffa201e0000 - 0x00007ffa202d3000 	C:\WINDOWS\System32\SHCORE.dll
0x00007ffa20180000 - 0x00007ffa201de000 	C:\WINDOWS\System32\shlwapi.dll
0x00007ffa1dd40000 - 0x00007ffa1dd66000 	C:\WINDOWS\SYSTEM32\profapi.dll
0x00007ffa037a0000 - 0x00007ffa037b9000 	C:\Users\shapo\.jdks\openjdk-17.0.1\bin\net.dll
0x00007ffa14030000 - 0x00007ffa14167000 	C:\WINDOWS\SYSTEM32\WINHTTP.dll
0x00007ffa1d280000 - 0x00007ffa1d2e9000 	C:\WINDOWS\system32\mswsock.dll
0x00007ffa03720000 - 0x00007ffa03735000 	C:\Users\shapo\.jdks\openjdk-17.0.1\bin\nio.dll
0x00007ffa01450000 - 0x00007ffa01468000 	C:\Users\shapo\.jdks\openjdk-17.0.1\bin\zip.dll
0x00007ff9fd460000 - 0x00007ff9fd47a000 	C:\Users\shapo\JetBrains\IntelliJ IDEA Community Edition 2021.2\bin\breakgen64.dll
0x000001f284e10000 - 0x000001f284e13000 	C:\Users\shapo\.jdks\openjdk-17.0.1\bin\api-ms-win-core-console-l1-1-0.dll
0x000001f284e20000 - 0x000001f284e23000 	C:\Users\shapo\.jdks\openjdk-17.0.1\bin\api-ms-win-core-datetime-l1-1-0.dll
0x000001f284e30000 - 0x000001f284e33000 	C:\Users\shapo\.jdks\openjdk-17.0.1\bin\api-ms-win-core-debug-l1-1-0.dll
0x000001f284e40000 - 0x000001f284e43000 	C:\Users\shapo\.jdks\openjdk-17.0.1\bin\api-ms-win-core-errorhandling-l1-1-0.dll
0x000001f284e50000 - 0x000001f284e54000 	C:\Users\shapo\.jdks\openjdk-17.0.1\bin\api-ms-win-core-file-l1-1-0.dll
0x000001f284e60000 - 0x000001f284e63000 	C:\Users\shapo\.jdks\openjdk-17.0.1\bin\api-ms-win-core-file-l1-2-0.dll
0x000001f2a7ac0000 - 0x000001f2a7ac3000 	C:\Users\shapo\.jdks\openjdk-17.0.1\bin\api-ms-win-core-file-l2-1-0.dll
0x000001f2a7ad0000 - 0x000001f2a7ad3000 	C:\Users\shapo\.jdks\openjdk-17.0.1\bin\api-ms-win-core-handle-l1-1-0.dll
0x000001f2a7ae0000 - 0x000001f2a7ae3000 	C:\Users\shapo\.jdks\openjdk-17.0.1\bin\api-ms-win-core-heap-l1-1-0.dll
0x000001f2a7af0000 - 0x000001f2a7af3000 	C:\Users\shapo\.jdks\openjdk-17.0.1\bin\api-ms-win-core-interlocked-l1-1-0.dll
0x000001f2a7b00000 - 0x000001f2a7b03000 	C:\Users\shapo\.jdks\openjdk-17.0.1\bin\api-ms-win-core-libraryloader-l1-1-0.dll
0x000001f2a7b10000 - 0x000001f2a7b13000 	C:\Users\shapo\.jdks\openjdk-17.0.1\bin\api-ms-win-core-localization-l1-2-0.dll
0x000001f2a7b20000 - 0x000001f2a7b23000 	C:\Users\shapo\.jdks\openjdk-17.0.1\bin\api-ms-win-core-memory-l1-1-0.dll
0x000001f2a7b30000 - 0x000001f2a7b33000 	C:\Users\shapo\.jdks\openjdk-17.0.1\bin\api-ms-win-core-namedpipe-l1-1-0.dll
0x000001f2a7b40000 - 0x000001f2a7b43000 	C:\Users\shapo\.jdks\openjdk-17.0.1\bin\api-ms-win-core-processenvironment-l1-1-0.dll
0x000001f2a7b50000 - 0x000001f2a7b53000 	C:\Users\shapo\.jdks\openjdk-17.0.1\bin\api-ms-win-core-processthreads-l1-1-0.dll
0x000001f2a7b60000 - 0x000001f2a7b63000 	C:\Users\shapo\.jdks\openjdk-17.0.1\bin\api-ms-win-core-processthreads-l1-1-1.dll
0x000001f2a7b70000 - 0x000001f2a7b73000 	C:\Users\shapo\.jdks\openjdk-17.0.1\bin\api-ms-win-core-profile-l1-1-0.dll
0x000001f2a7b80000 - 0x000001f2a7b83000 	C:\Users\shapo\.jdks\openjdk-17.0.1\bin\api-ms-win-core-rtlsupport-l1-1-0.dll
0x000001f2a7b90000 - 0x000001f2a7b93000 	C:\Users\shapo\.jdks\openjdk-17.0.1\bin\api-ms-win-core-string-l1-1-0.dll
0x000001f2a7ba0000 - 0x000001f2a7ba3000 	C:\Users\shapo\.jdks\openjdk-17.0.1\bin\api-ms-win-core-synch-l1-1-0.dll
0x000001f2a7bb0000 - 0x000001f2a7bb3000 	C:\Users\shapo\.jdks\openjdk-17.0.1\bin\api-ms-win-core-synch-l1-2-0.dll
0x000001f2a7bc0000 - 0x000001f2a7bc3000 	C:\Users\shapo\.jdks\openjdk-17.0.1\bin\api-ms-win-core-sysinfo-l1-1-0.dll
0x000001f2a7bd0000 - 0x000001f2a7bd3000 	C:\Users\shapo\.jdks\openjdk-17.0.1\bin\api-ms-win-core-timezone-l1-1-0.dll
0x000001f2a7be0000 - 0x000001f2a7be3000 	C:\Users\shapo\.jdks\openjdk-17.0.1\bin\api-ms-win-core-util-l1-1-0.dll
0x000001f2a7bf0000 - 0x000001f2a7bf3000 	C:\Users\shapo\.jdks\openjdk-17.0.1\bin\api-ms-win-crt-conio-l1-1-0.dll
0x000001f2a9000000 - 0x000001f2a9004000 	C:\Users\shapo\.jdks\openjdk-17.0.1\bin\api-ms-win-crt-convert-l1-1-0.dll
0x000001f2a9010000 - 0x000001f2a9013000 	C:\Users\shapo\.jdks\openjdk-17.0.1\bin\api-ms-win-crt-environment-l1-1-0.dll
0x000001f2a9020000 - 0x000001f2a9023000 	C:\Users\shapo\.jdks\openjdk-17.0.1\bin\api-ms-win-crt-filesystem-l1-1-0.dll
0x000001f2a9030000 - 0x000001f2a9033000 	C:\Users\shapo\.jdks\openjdk-17.0.1\bin\api-ms-win-crt-heap-l1-1-0.dll
0x000001f2a9040000 - 0x000001f2a9043000 	C:\Users\shapo\.jdks\openjdk-17.0.1\bin\api-ms-win-crt-locale-l1-1-0.dll
0x000001f2a9050000 - 0x000001f2a9055000 	C:\Users\shapo\.jdks\openjdk-17.0.1\bin\api-ms-win-crt-math-l1-1-0.dll
0x000001f2a9060000 - 0x000001f2a9065000 	C:\Users\shapo\.jdks\openjdk-17.0.1\bin\api-ms-win-crt-multibyte-l1-1-0.dll
0x000001f2a9070000 - 0x000001f2a9080000 	C:\Users\shapo\.jdks\openjdk-17.0.1\bin\api-ms-win-crt-private-l1-1-0.dll
0x000001f2a9080000 - 0x000001f2a9083000 	C:\Users\shapo\.jdks\openjdk-17.0.1\bin\api-ms-win-crt-process-l1-1-0.dll
0x000001f2a9090000 - 0x000001f2a9094000 	C:\Users\shapo\.jdks\openjdk-17.0.1\bin\api-ms-win-crt-runtime-l1-1-0.dll
0x000001f2a90a0000 - 0x000001f2a90a4000 	C:\Users\shapo\.jdks\openjdk-17.0.1\bin\api-ms-win-crt-stdio-l1-1-0.dll
0x000001f2a90b0000 - 0x000001f2a90b4000 	C:\Users\shapo\.jdks\openjdk-17.0.1\bin\api-ms-win-crt-string-l1-1-0.dll
0x000001f2a90c0000 - 0x000001f2a90c3000 	C:\Users\shapo\.jdks\openjdk-17.0.1\bin\api-ms-win-crt-time-l1-1-0.dll
0x000001f2a90d0000 - 0x000001f2a90d3000 	C:\Users\shapo\.jdks\openjdk-17.0.1\bin\api-ms-win-crt-utility-l1-1-0.dll
0x00007ff9d6720000 - 0x00007ff9d681a000 	C:\Users\shapo\.jdks\openjdk-17.0.1\bin\ucrtbase.dll
0x00007ff9e23d0000 - 0x00007ff9e241d000 	C:\Windows\System32\concrt140.dll
0x00007ff9efa00000 - 0x00007ff9efa23000 	C:\Users\shapo\.openjfx\cache\11.0.1\prism_d3d.dll
0x00007ff9c3c70000 - 0x00007ff9c3e19000 	C:\WINDOWS\system32\d3d9.dll
0x00007ffa17580000 - 0x00007ffa175ab000 	C:\WINDOWS\SYSTEM32\dwmapi.dll
0x00007ffa17410000 - 0x00007ffa17446000 	C:\WINDOWS\SYSTEM32\dxcore.dll
0x00007ffa172f0000 - 0x00007ffa1739b000 	C:\WINDOWS\system32\uxtheme.dll
0x00007ff9a1fe0000 - 0x00007ff9a2147000 	C:\Windows\System32\DriverStore\FileRepository\iigd_dch.inf_amd64_9982160a24b56bf6\igdumdim64.dll
0x00007ffa1ece0000 - 0x00007ffa1ee80000 	C:\WINDOWS\System32\ole32.dll
0x00007ff9370c0000 - 0x00007ff93acb2000 	C:\Windows\System32\DriverStore\FileRepository\iigd_dch.inf_amd64_9982160a24b56bf6\igd9dxva64.dll
0x00007ffa1f980000 - 0x00007ffa1fdf4000 	C:\WINDOWS\System32\SETUPAPI.dll
0x00007ffa1db00000 - 0x00007ffa1db4e000 	C:\WINDOWS\SYSTEM32\cfgmgr32.dll
0x00007ffa0f6a0000 - 0x00007ffa0fa65000 	C:\Windows\System32\DriverStore\FileRepository\iigd_dch.inf_amd64_9982160a24b56bf6\igdgmm64.dll
0x00007ffa14ae0000 - 0x00007ffa14b2a000 	C:\WINDOWS\SYSTEM32\directxdatabasehelper.dll
0x00007ff9ef9b0000 - 0x00007ff9ef9f5000 	C:\Users\shapo\.openjfx\cache\11.0.1\glass.dll
0x00007ffa1ebe0000 - 0x00007ffa1ecd9000 	C:\WINDOWS\System32\COMDLG32.dll
0x00007ffa1ee80000 - 0x00007ffa1efd0000 	C:\WINDOWS\System32\MSCTF.dll
0x00007ff9c25a0000 - 0x00007ff9c25c7000 	C:\Windows\System32\DriverStore\FileRepository\iigd_dch.inf_amd64_9982160a24b56bf6\igdinfo64.dll
0x00007ffa083c0000 - 0x00007ffa0b883000 	C:\Windows\System32\DriverStore\FileRepository\iigd_dch.inf_amd64_9982160a24b56bf6\igc64.dll
0x00007ff9f5430000 - 0x00007ff9f5444000 	C:\Users\shapo\.openjfx\cache\11.0.1\javafx_font.dll
0x00007ffa160d0000 - 0x00007ffa16343000 	C:\WINDOWS\SYSTEM32\dwrite.dll
0x00007ffa1efd0000 - 0x00007ffa1f080000 	C:\WINDOWS\System32\clbcatq.dll
0x00007ffa15930000 - 0x00007ffa15ae0000 	C:\WINDOWS\SYSTEM32\WindowsCodecs.dll
0x00007ff9fdb00000 - 0x00007ff9fdb5e000 	C:\WINDOWS\system32\dataexchange.dll
0x00007ffa123b0000 - 0x00007ffa12635000 	C:\WINDOWS\system32\twinapi.appcore.dll
0x00007ff9ac0b0000 - 0x00007ff9ac0e2000 	C:\Program Files\Common Files\Microsoft Shared\Ink\rtscom.dll
0x00007ffa0f550000 - 0x00007ffa0f69a000 	C:\WINDOWS\SYSTEM32\textinputframework.dll
0x00007ffa16d70000 - 0x00007ffa16ea4000 	C:\WINDOWS\SYSTEM32\CoreMessaging.dll
0x00007ffa14270000 - 0x00007ffa145dc000 	C:\WINDOWS\SYSTEM32\CoreUIComponents.dll
0x00007ffa1d4a0000 - 0x00007ffa1d4ac000 	C:\WINDOWS\SYSTEM32\CRYPTBASE.DLL
0x00007ff9eb580000 - 0x00007ff9eb597000 	C:\WINDOWS\system32\napinsp.dll
0x00007ff9eb560000 - 0x00007ff9eb57b000 	C:\WINDOWS\system32\pnrpnsp.dll
0x00007ffa1c8e0000 - 0x00007ffa1c9d9000 	C:\WINDOWS\SYSTEM32\DNSAPI.dll
0x00007ffa1c870000 - 0x00007ffa1c89d000 	C:\WINDOWS\SYSTEM32\IPHLPAPI.DLL
0x00007ffa1fe00000 - 0x00007ffa1fe09000 	C:\WINDOWS\System32\NSI.dll
0x00007ff9eb540000 - 0x00007ff9eb551000 	C:\WINDOWS\System32\winrnr.dll
0x00007ff9eb520000 - 0x00007ff9eb535000 	C:\WINDOWS\system32\wshbth.dll
0x00007ff9eb4f0000 - 0x00007ff9eb511000 	C:\WINDOWS\system32\nlansp_c.dll
0x00007ffa0f090000 - 0x00007ffa0f09a000 	C:\Windows\System32\rasadhlp.dll

dbghelp: loaded successfully - version: 4.0.5 - missing functions: none
symbol engine: initialized successfully - sym options: 0x614 - pdb path: .;C:\Users\shapo\.jdks\openjdk-17.0.1\bin;C:\WINDOWS\SYSTEM32;C:\WINDOWS\WinSxS\amd64_microsoft.windows.common-controls_6595b64144ccf1df_6.0.22621.2506_none_270c5ae97388e100;C:\Users\shapo\.jdks\openjdk-17.0.1\bin\server;C:\Users\shapo\JetBrains\IntelliJ IDEA Community Edition 2021.2\bin;C:\Users\shapo\.openjfx\cache\11.0.1;C:\Windows\System32\DriverStore\FileRepository\iigd_dch.inf_amd64_9982160a24b56bf6;C:\Program Files\Common Files\Microsoft Shared\Ink

VM Arguments:
jvm_args: -javaagent:C:\Users\shapo\JetBrains\IntelliJ IDEA Community Edition 2021.2\lib\idea_rt.jar=51017:C:\Users\shapo\JetBrains\IntelliJ IDEA Community Edition 2021.2\bin -Dfile.encoding=UTF-8 --module-path=C:\Users\shapo\.m2\repository\org\openjfx\javafx-base\11.0.1\javafx-base-11.0.1-win.jar;C:\Users\shapo\.m2\repository\org\openjfx\javafx-fxml\11.0.2\javafx-fxml-11.0.2-win.jar;C:\Users\shapo\.m2\repository\org\openjfx\javafx-controls\11.0.2\javafx-controls-11.0.2-win.jar;C:\Users\shapo\Desktop\repos\diploma\target\classes;C:\Users\shapo\.m2\repository\com\google\code\gson\gson\2.10.1\gson-2.10.1.jar;C:\Users\shapo\.m2\repository\org\controlsfx\controlsfx\11.1.0\controlsfx-11.1.0.jar;C:\Users\shapo\.m2\repository\org\openjfx\javafx-graphics\11.0.2\javafx-graphics-11.0.2-win.jar;C:\Users\shapo\.m2\repository\org\openjfx\javafx-media\11.0.2\javafx-media-11.0.2-win.jar;C:\Users\shapo\.m2\repository\net\synedra\validatorfx\0.1.13\validatorfx-0.1.13.jar;C:\Users\shapo\.m2\repository\org\kordamp\ikonli\ikonli-javafx\12.2.0\ikonli-javafx-12.2.0.jar;C:\Users\shapo\.m2\repository\org\kordamp\bootstrapfx\bootstrapfx-core\0.4.0\bootstrapfx-core-0.4.0.jar;C:\Users\shapo\.m2\repository\org\kordamp\ikonli\ikonli-core\12.2.0\ikonli-core-12.2.0.jar;C:\Users\shapo\.m2\repository\com\dlsc\formsfx\formsfx-core\11.4.2\formsfx-core-11.4.2.jar;C:\Users\shapo\.m2\repository\org\openjfx\javafx-web\11.0.2\javafx-web-11.0.2-win.jar;C:\Users\shapo\.m2\repository\eu\hansolo\tilesfx\11.48\tilesfx-11.48.jar -Djdk.module.main=com.example.diploma 
java_command: com.example.diploma/com.example.diploma.controllers.Main
java_class_path (initial): C:\Users\shapo\Desktop\mysql-connector-j-8.3.0\mysql-connector-j-8.3.0.jar;C:\Users\shapo\.m2\repository\org\openjfx\javafx-controls\11.0.2\javafx-controls-11.0.2.jar;C:\Users\shapo\.m2\repository\org\openjfx\javafx-graphics\11.0.2\javafx-graphics-11.0.2.jar;C:\Users\shapo\.m2\repository\org\openjfx\javafx-fxml\11.0.2\javafx-fxml-11.0.2.jar;C:\Users\shapo\.m2\repository\org\openjfx\javafx-web\11.0.2\javafx-web-11.0.2.jar;C:\Users\shapo\.m2\repository\org\openjfx\javafx-media\11.0.2\javafx-media-11.0.2.jar;C:\Users\shapo\.m2\repository\org\openjfx\javafx-base\11.0.1\javafx-base-11.0.1.jar
Launcher Type: SUN_STANDARD

[Global flags]
     intx CICompilerCount                          = 4                                         {product} {ergonomic}
     uint ConcGCThreads                            = 2                                         {product} {ergonomic}
     uint G1ConcRefinementThreads                  = 8                                         {product} {ergonomic}
   size_t G1HeapRegionSize                         = 2097152                                   {product} {ergonomic}
    uintx GCDrainStackTargetSize                   = 64                                        {product} {ergonomic}
   size_t InitialHeapSize                          = 264241152                                 {product} {ergonomic}
   size_t MarkStackSize                            = 4194304                                   {product} {ergonomic}
   size_t MaxHeapSize                              = 4200595456                                {product} {ergonomic}
   size_t MaxNewSize                               = 2518679552                                {product} {ergonomic}
   size_t MinHeapDeltaBytes                        = 2097152                                   {product} {ergonomic}
   size_t MinHeapSize                              = 8388608                                   {product} {ergonomic}
    uintx NonNMethodCodeHeapSize                   = 5839372                                {pd product} {ergonomic}
    uintx NonProfiledCodeHeapSize                  = 122909434                              {pd product} {ergonomic}
    uintx ProfiledCodeHeapSize                     = 122909434                              {pd product} {ergonomic}
    uintx ReservedCodeCacheSize                    = 251658240                              {pd product} {ergonomic}
     bool SegmentedCodeCache                       = true                                      {product} {ergonomic}
   size_t SoftMaxHeapSize                          = 4200595456                             {manageable} {ergonomic}
     bool UseCompressedClassPointers               = true                           {product lp64_product} {ergonomic}
     bool UseCompressedOops                        = true                           {product lp64_product} {ergonomic}
     bool UseG1GC                                  = true                                      {product} {ergonomic}
     bool UseLargePagesIndividualAllocation        = false                                  {pd product} {ergonomic}

Logging:
Log output configuration:
 #0: stdout all=off uptime,level,tags
 #1: stderr all=off uptime,level,tags

Environment Variables:
JAVA_HOME=C:\Program Files\Java\jdk-17
PATH=C:\Program Files\Common Files\Oracle\Java\javapath;C:\Program Files\Microsoft MPI\Bin\;C:\WINDOWS\system32;C:\WINDOWS;C:\WINDOWS\System32\Wbem;C:\WINDOWS\System32\WindowsPowerShell\v1.0\;C:\WINDOWS\System32\OpenSSH\;C:\Program Files\dotnet;C:\Program Files\dotnet\;C:\Program Files\nodejs\;C:\Users\shapo\Desktop\repos\MPI\myfork;C:\Program Files\CMake\bin;C:\Program Files (x86)\Microsoft SDKs\MPI\Lib\x86;C:\Program Files (x86)\Microsoft SDKs\MPI\Lib\x64;C:\Program Files (x86)\Microsoft SDKs\MPI;C:\Program Files\Git\cmd;C:\kafkaKate\apache-zookeeper-3.7.1-bin\bin;C:\Program Files\Java\jdk-17\bin;C:\Program Files\MySQL\MySQL Shell 8.0\bin\;C:\Users\shapo\AppData\Local\Programs\Python\Python311\Scripts\;C:\Users\shapo\AppData\Local\Programs\Python\Python311\;C:\Users\shapo\AppData\Local\Microsoft\WindowsApps;C:\Users\shapo\.dotnet;C:\Program Files\JetBrains\IntelliJ IDEA Community Edition 2021.2.2\bin;;C:\Users\shapo\AppData\Local\Programs\Microsoft VS Code\bin;C:\apache-maven-3.9.4\bin;C:\Users\shapo\.dotnet\tools;C:\Users\shapo\AppData\Roaming\npm;C:\Users\shapo\AppData\Local\GitHubDesktop\bin;C:\Program Files\JetBrains\IntelliJ IDEA 2023.1.2\bin;;
USERNAME=shapo
OS=Windows_NT
PROCESSOR_IDENTIFIER=Intel64 Family 6 Model 140 Stepping 1, GenuineIntel



---------------  S Y S T E M  ---------------

OS:
 Windows 10 , 64 bit Build 22621 (10.0.22621.2506)
OS uptime: 17 days 7:39 hours
Hyper-V role detected

CPU: total 8 (initial active 8) (4 cores per cpu, 2 threads per core) family 6 model 140 stepping 1 microcode 0x66, cx8, cmov, fxsr, ht, mmx, 3dnowpref, sse, sse2, sse3, ssse3, sse4.1, sse4.2, popcnt, lzcnt, tsc, tscinvbit, avx, avx2, aes, erms, clmul, bmi1, bmi2, adx, avx512f, avx512dq, avx512cd, avx512bw, avx512vl, sha, fma, vzeroupper, avx512_vpopcntdq, avx512_vpclmulqdq, avx512_vaes, avx512_vnni, clflush, clflushopt, clwb, avx512_vbmi2, avx512_vbmi, hv

Memory: 4k page, system-wide physical 16023M (4801M free)
TotalPageFile size 22075M (AvailPageFile size 6693M)
current process WorkingSet (physical memory assigned to process): 163M, peak: 182M
current process commit charge ("private bytes"): 409M, peak: 430M

vm_info: OpenJDK 64-Bit Server VM (17.0.1+12-39) for windows-amd64 JRE (17.0.1+12-39), built on Sep 27 2021 18:39:29 by "mach5one" with MS VC++ 16.8 (VS2019)

END.
